[0.461s] DEBUG:colcon:Command line arguments: ['/usr/bin/colcon', 'build', '--symlink-install']
[0.461s] DEBUG:colcon:Parsed command line arguments: Namespace(allow_overriding=[], ament_cmake_args=None, base_paths=['.'], build_base='build', catkin_cmake_args=None, catkin_skip_building_tests=False, cmake_args=None, cmake_clean_cache=False, cmake_clean_first=False, cmake_force_configure=False, cmake_target=None, cmake_target_skip_unavailable=False, continue_on_error=False, event_handlers=None, executor='parallel', ignore_user_meta=False, install_base='install', log_base=None, log_level=None, main=<bound method BuildVerb.main of <colcon_core.verb.build.BuildVerb object at 0x7c4ffeba6ee0>>, merge_install=False, metas=['./colcon.meta'], packages_above=None, packages_above_and_dependencies=None, packages_above_depth=None, packages_end=None, packages_ignore=None, packages_ignore_regex=None, packages_select=None, packages_select_build_failed=False, packages_select_by_dep=None, packages_select_regex=None, packages_select_test_failures=False, packages_skip=None, packages_skip_build_finished=False, packages_skip_by_dep=None, packages_skip_regex=None, packages_skip_test_passed=False, packages_skip_up_to=None, packages_start=None, packages_up_to=None, packages_up_to_regex=None, parallel_workers=32, paths=None, symlink_install=True, test_result_base=None, verb_extension=<colcon_core.verb.build.BuildVerb object at 0x7c4ffeba6ee0>, verb_name='build', verb_parser=<colcon_defaults.argument_parser.defaults.DefaultArgumentsDecorator object at 0x7c4ffea8f430>)
[0.598s] Level 1:colcon.colcon_core.package_discovery:discover_packages(colcon_meta) check parameters
[0.598s] Level 1:colcon.colcon_core.package_discovery:discover_packages(recursive) check parameters
[0.598s] Level 1:colcon.colcon_core.package_discovery:discover_packages(ignore) check parameters
[0.598s] Level 1:colcon.colcon_core.package_discovery:discover_packages(path) check parameters
[0.598s] Level 1:colcon.colcon_core.package_discovery:discover_packages(colcon_meta) discover
[0.598s] Level 1:colcon.colcon_core.package_discovery:discover_packages(recursive) discover
[0.598s] INFO:colcon.colcon_core.package_discovery:Crawling recursively for packages in '/home/daniel/smart_cane'
[0.598s] Level 1:colcon.colcon_core.package_identification:_identify(.) by extensions ['ignore', 'ignore_ament_install']
[0.598s] Level 1:colcon.colcon_core.package_identification:_identify(.) by extension 'ignore'
[0.598s] Level 1:colcon.colcon_core.package_identification:_identify(.) by extension 'ignore_ament_install'
[0.598s] Level 1:colcon.colcon_core.package_identification:_identify(.) by extensions ['colcon_pkg']
[0.598s] Level 1:colcon.colcon_core.package_identification:_identify(.) by extension 'colcon_pkg'
[0.598s] Level 1:colcon.colcon_core.package_identification:_identify(.) by extensions ['colcon_meta']
[0.598s] Level 1:colcon.colcon_core.package_identification:_identify(.) by extension 'colcon_meta'
[0.598s] Level 1:colcon.colcon_core.package_identification:_identify(.) by extensions ['ros']
[0.598s] Level 1:colcon.colcon_core.package_identification:_identify(.) by extension 'ros'
[0.604s] Level 1:colcon.colcon_core.package_identification:_identify(.) by extensions ['cmake', 'python']
[0.604s] Level 1:colcon.colcon_core.package_identification:_identify(.) by extension 'cmake'
[0.604s] Level 1:colcon.colcon_core.package_identification:_identify(.) by extension 'python'
[0.604s] Level 1:colcon.colcon_core.package_identification:_identify(.) by extensions ['python_setup_py']
[0.604s] Level 1:colcon.colcon_core.package_identification:_identify(.) by extension 'python_setup_py'
[0.604s] Level 1:colcon.colcon_core.package_identification:_identify(build) by extensions ['ignore', 'ignore_ament_install']
[0.604s] Level 1:colcon.colcon_core.package_identification:_identify(build) by extension 'ignore'
[0.604s] Level 1:colcon.colcon_core.package_identification:_identify(build) ignored
[0.604s] Level 1:colcon.colcon_core.package_identification:_identify(install) by extensions ['ignore', 'ignore_ament_install']
[0.604s] Level 1:colcon.colcon_core.package_identification:_identify(install) by extension 'ignore'
[0.604s] Level 1:colcon.colcon_core.package_identification:_identify(install) ignored
[0.604s] Level 1:colcon.colcon_core.package_identification:_identify(log) by extensions ['ignore', 'ignore_ament_install']
[0.604s] Level 1:colcon.colcon_core.package_identification:_identify(log) by extension 'ignore'
[0.604s] Level 1:colcon.colcon_core.package_identification:_identify(log) ignored
[0.604s] Level 1:colcon.colcon_core.package_identification:_identify(src) by extensions ['ignore', 'ignore_ament_install']
[0.604s] Level 1:colcon.colcon_core.package_identification:_identify(src) by extension 'ignore'
[0.604s] Level 1:colcon.colcon_core.package_identification:_identify(src) by extension 'ignore_ament_install'
[0.604s] Level 1:colcon.colcon_core.package_identification:_identify(src) by extensions ['colcon_pkg']
[0.604s] Level 1:colcon.colcon_core.package_identification:_identify(src) by extension 'colcon_pkg'
[0.604s] Level 1:colcon.colcon_core.package_identification:_identify(src) by extensions ['colcon_meta']
[0.604s] Level 1:colcon.colcon_core.package_identification:_identify(src) by extension 'colcon_meta'
[0.604s] Level 1:colcon.colcon_core.package_identification:_identify(src) by extensions ['ros']
[0.604s] Level 1:colcon.colcon_core.package_identification:_identify(src) by extension 'ros'
[0.604s] Level 1:colcon.colcon_core.package_identification:_identify(src) by extensions ['cmake', 'python']
[0.604s] Level 1:colcon.colcon_core.package_identification:_identify(src) by extension 'cmake'
[0.604s] Level 1:colcon.colcon_core.package_identification:_identify(src) by extension 'python'
[0.604s] Level 1:colcon.colcon_core.package_identification:_identify(src) by extensions ['python_setup_py']
[0.604s] Level 1:colcon.colcon_core.package_identification:_identify(src) by extension 'python_setup_py'
[0.604s] Level 1:colcon.colcon_core.package_identification:_identify(src/smart_cane_bringup) by extensions ['ignore', 'ignore_ament_install']
[0.605s] Level 1:colcon.colcon_core.package_identification:_identify(src/smart_cane_bringup) by extension 'ignore'
[0.605s] Level 1:colcon.colcon_core.package_identification:_identify(src/smart_cane_bringup) by extension 'ignore_ament_install'
[0.605s] Level 1:colcon.colcon_core.package_identification:_identify(src/smart_cane_bringup) by extensions ['colcon_pkg']
[0.605s] Level 1:colcon.colcon_core.package_identification:_identify(src/smart_cane_bringup) by extension 'colcon_pkg'
[0.605s] Level 1:colcon.colcon_core.package_identification:_identify(src/smart_cane_bringup) by extensions ['colcon_meta']
[0.605s] Level 1:colcon.colcon_core.package_identification:_identify(src/smart_cane_bringup) by extension 'colcon_meta'
[0.605s] Level 1:colcon.colcon_core.package_identification:_identify(src/smart_cane_bringup) by extensions ['ros']
[0.605s] Level 1:colcon.colcon_core.package_identification:_identify(src/smart_cane_bringup) by extension 'ros'
[0.608s] DEBUG:colcon.colcon_core.package_identification:Package 'src/smart_cane_bringup' with type 'ros.ament_cmake' and name 'smart_cane_bringup'
[0.608s] Level 1:colcon.colcon_core.package_identification:_identify(src/smart_cane_landmarks) by extensions ['ignore', 'ignore_ament_install']
[0.608s] Level 1:colcon.colcon_core.package_identification:_identify(src/smart_cane_landmarks) by extension 'ignore'
[0.608s] Level 1:colcon.colcon_core.package_identification:_identify(src/smart_cane_landmarks) by extension 'ignore_ament_install'
[0.608s] Level 1:colcon.colcon_core.package_identification:_identify(src/smart_cane_landmarks) by extensions ['colcon_pkg']
[0.608s] Level 1:colcon.colcon_core.package_identification:_identify(src/smart_cane_landmarks) by extension 'colcon_pkg'
[0.608s] Level 1:colcon.colcon_core.package_identification:_identify(src/smart_cane_landmarks) by extensions ['colcon_meta']
[0.608s] Level 1:colcon.colcon_core.package_identification:_identify(src/smart_cane_landmarks) by extension 'colcon_meta'
[0.608s] Level 1:colcon.colcon_core.package_identification:_identify(src/smart_cane_landmarks) by extensions ['ros']
[0.608s] Level 1:colcon.colcon_core.package_identification:_identify(src/smart_cane_landmarks) by extension 'ros'
[0.609s] DEBUG:colcon.colcon_core.package_identification:Package 'src/smart_cane_landmarks' with type 'ros.ament_python' and name 'smart_cane_landmarks'
[0.609s] Level 1:colcon.colcon_core.package_identification:_identify(src/smart_cane_msgs) by extensions ['ignore', 'ignore_ament_install']
[0.609s] Level 1:colcon.colcon_core.package_identification:_identify(src/smart_cane_msgs) by extension 'ignore'
[0.609s] Level 1:colcon.colcon_core.package_identification:_identify(src/smart_cane_msgs) by extension 'ignore_ament_install'
[0.609s] Level 1:colcon.colcon_core.package_identification:_identify(src/smart_cane_msgs) by extensions ['colcon_pkg']
[0.609s] Level 1:colcon.colcon_core.package_identification:_identify(src/smart_cane_msgs) by extension 'colcon_pkg'
[0.609s] Level 1:colcon.colcon_core.package_identification:_identify(src/smart_cane_msgs) by extensions ['colcon_meta']
[0.609s] Level 1:colcon.colcon_core.package_identification:_identify(src/smart_cane_msgs) by extension 'colcon_meta'
[0.609s] Level 1:colcon.colcon_core.package_identification:_identify(src/smart_cane_msgs) by extensions ['ros']
[0.609s] Level 1:colcon.colcon_core.package_identification:_identify(src/smart_cane_msgs) by extension 'ros'
[0.609s] DEBUG:colcon.colcon_core.package_identification:Package 'src/smart_cane_msgs' with type 'ros.ament_cmake' and name 'smart_cane_msgs'
[0.609s] Level 1:colcon.colcon_core.package_identification:_identify(src/smart_cane_nav) by extensions ['ignore', 'ignore_ament_install']
[0.609s] Level 1:colcon.colcon_core.package_identification:_identify(src/smart_cane_nav) by extension 'ignore'
[0.609s] Level 1:colcon.colcon_core.package_identification:_identify(src/smart_cane_nav) by extension 'ignore_ament_install'
[0.609s] Level 1:colcon.colcon_core.package_identification:_identify(src/smart_cane_nav) by extensions ['colcon_pkg']
[0.609s] Level 1:colcon.colcon_core.package_identification:_identify(src/smart_cane_nav) by extension 'colcon_pkg'
[0.609s] Level 1:colcon.colcon_core.package_identification:_identify(src/smart_cane_nav) by extensions ['colcon_meta']
[0.609s] Level 1:colcon.colcon_core.package_identification:_identify(src/smart_cane_nav) by extension 'colcon_meta'
[0.609s] Level 1:colcon.colcon_core.package_identification:_identify(src/smart_cane_nav) by extensions ['ros']
[0.609s] Level 1:colcon.colcon_core.package_identification:_identify(src/smart_cane_nav) by extension 'ros'
[0.610s] DEBUG:colcon.colcon_core.package_identification:Package 'src/smart_cane_nav' with type 'ros.ament_python' and name 'smart_cane_nav'
[0.610s] Level 1:colcon.colcon_core.package_identification:_identify(src/smart_cane_perception) by extensions ['ignore', 'ignore_ament_install']
[0.610s] Level 1:colcon.colcon_core.package_identification:_identify(src/smart_cane_perception) by extension 'ignore'
[0.610s] Level 1:colcon.colcon_core.package_identification:_identify(src/smart_cane_perception) by extension 'ignore_ament_install'
[0.610s] Level 1:colcon.colcon_core.package_identification:_identify(src/smart_cane_perception) by extensions ['colcon_pkg']
[0.610s] Level 1:colcon.colcon_core.package_identification:_identify(src/smart_cane_perception) by extension 'colcon_pkg'
[0.610s] Level 1:colcon.colcon_core.package_identification:_identify(src/smart_cane_perception) by extensions ['colcon_meta']
[0.610s] Level 1:colcon.colcon_core.package_identification:_identify(src/smart_cane_perception) by extension 'colcon_meta'
[0.610s] Level 1:colcon.colcon_core.package_identification:_identify(src/smart_cane_perception) by extensions ['ros']
[0.610s] Level 1:colcon.colcon_core.package_identification:_identify(src/smart_cane_perception) by extension 'ros'
[0.610s] DEBUG:colcon.colcon_core.package_identification:Package 'src/smart_cane_perception' with type 'ros.ament_python' and name 'smart_cane_perception'
[0.610s] Level 1:colcon.colcon_core.package_identification:_identify(src/smart_cane_sim) by extensions ['ignore', 'ignore_ament_install']
[0.610s] Level 1:colcon.colcon_core.package_identification:_identify(src/smart_cane_sim) by extension 'ignore'
[0.610s] Level 1:colcon.colcon_core.package_identification:_identify(src/smart_cane_sim) by extension 'ignore_ament_install'
[0.610s] Level 1:colcon.colcon_core.package_identification:_identify(src/smart_cane_sim) by extensions ['colcon_pkg']
[0.610s] Level 1:colcon.colcon_core.package_identification:_identify(src/smart_cane_sim) by extension 'colcon_pkg'
[0.610s] Level 1:colcon.colcon_core.package_identification:_identify(src/smart_cane_sim) by extensions ['colcon_meta']
[0.610s] Level 1:colcon.colcon_core.package_identification:_identify(src/smart_cane_sim) by extension 'colcon_meta'
[0.610s] Level 1:colcon.colcon_core.package_identification:_identify(src/smart_cane_sim) by extensions ['ros']
[0.610s] Level 1:colcon.colcon_core.package_identification:_identify(src/smart_cane_sim) by extension 'ros'
[0.611s] DEBUG:colcon.colcon_core.package_identification:Package 'src/smart_cane_sim' with type 'ros.ament_cmake' and name 'smart_cane_sim'
[0.611s] Level 1:colcon.colcon_core.package_identification:_identify(src/smart_cane_slam) by extensions ['ignore', 'ignore_ament_install']
[0.611s] Level 1:colcon.colcon_core.package_identification:_identify(src/smart_cane_slam) by extension 'ignore'
[0.611s] Level 1:colcon.colcon_core.package_identification:_identify(src/smart_cane_slam) by extension 'ignore_ament_install'
[0.611s] Level 1:colcon.colcon_core.package_identification:_identify(src/smart_cane_slam) by extensions ['colcon_pkg']
[0.611s] Level 1:colcon.colcon_core.package_identification:_identify(src/smart_cane_slam) by extension 'colcon_pkg'
[0.611s] Level 1:colcon.colcon_core.package_identification:_identify(src/smart_cane_slam) by extensions ['colcon_meta']
[0.611s] Level 1:colcon.colcon_core.package_identification:_identify(src/smart_cane_slam) by extension 'colcon_meta'
[0.611s] Level 1:colcon.colcon_core.package_identification:_identify(src/smart_cane_slam) by extensions ['ros']
[0.611s] Level 1:colcon.colcon_core.package_identification:_identify(src/smart_cane_slam) by extension 'ros'
[0.611s] DEBUG:colcon.colcon_core.package_identification:Package 'src/smart_cane_slam' with type 'ros.ament_cmake' and name 'smart_cane_slam'
[0.611s] Level 1:colcon.colcon_core.package_discovery:discover_packages(recursive) using defaults
[0.611s] Level 1:colcon.colcon_core.package_discovery:discover_packages(ignore) discover
[0.611s] Level 1:colcon.colcon_core.package_discovery:discover_packages(ignore) using defaults
[0.611s] Level 1:colcon.colcon_core.package_discovery:discover_packages(path) discover
[0.611s] Level 1:colcon.colcon_core.package_discovery:discover_packages(path) using defaults
[0.643s] Level 1:colcon.colcon_core.package_discovery:discover_packages(prefix_path) check parameters
[0.643s] Level 1:colcon.colcon_core.package_discovery:discover_packages(prefix_path) discover
[0.649s] DEBUG:colcon.colcon_installed_package_information.package_discovery:Found 312 installed packages in /opt/ros/foxy
[0.650s] Level 1:colcon.colcon_core.package_discovery:discover_packages(prefix_path) using defaults
[0.821s] Level 5:colcon.colcon_core.verb:set package 'smart_cane_bringup' build argument 'cmake_args' from command line to 'None'
[0.821s] Level 5:colcon.colcon_core.verb:set package 'smart_cane_bringup' build argument 'cmake_target' from command line to 'None'
[0.821s] Level 5:colcon.colcon_core.verb:set package 'smart_cane_bringup' build argument 'cmake_target_skip_unavailable' from command line to 'False'
[0.821s] Level 5:colcon.colcon_core.verb:set package 'smart_cane_bringup' build argument 'cmake_clean_cache' from command line to 'False'
[0.821s] Level 5:colcon.colcon_core.verb:set package 'smart_cane_bringup' build argument 'cmake_clean_first' from command line to 'False'
[0.821s] Level 5:colcon.colcon_core.verb:set package 'smart_cane_bringup' build argument 'cmake_force_configure' from command line to 'False'
[0.821s] Level 5:colcon.colcon_core.verb:set package 'smart_cane_bringup' build argument 'ament_cmake_args' from command line to 'None'
[0.821s] Level 5:colcon.colcon_core.verb:set package 'smart_cane_bringup' build argument 'catkin_cmake_args' from command line to 'None'
[0.821s] Level 5:colcon.colcon_core.verb:set package 'smart_cane_bringup' build argument 'catkin_skip_building_tests' from command line to 'False'
[0.821s] DEBUG:colcon.colcon_core.verb:Building package 'smart_cane_bringup' with the following arguments: {'ament_cmake_args': None, 'build_base': '/home/daniel/smart_cane/build/smart_cane_bringup', 'catkin_cmake_args': None, 'catkin_skip_building_tests': False, 'cmake_args': None, 'cmake_clean_cache': False, 'cmake_clean_first': False, 'cmake_force_configure': False, 'cmake_target': None, 'cmake_target_skip_unavailable': False, 'install_base': '/home/daniel/smart_cane/install/smart_cane_bringup', 'merge_install': False, 'path': '/home/daniel/smart_cane/src/smart_cane_bringup', 'symlink_install': True, 'test_result_base': None}
[0.821s] Level 5:colcon.colcon_core.verb:set package 'smart_cane_landmarks' build argument 'cmake_args' from command line to 'None'
[0.821s] Level 5:colcon.colcon_core.verb:set package 'smart_cane_landmarks' build argument 'cmake_target' from command line to 'None'
[0.821s] Level 5:colcon.colcon_core.verb:set package 'smart_cane_landmarks' build argument 'cmake_target_skip_unavailable' from command line to 'False'
[0.821s] Level 5:colcon.colcon_core.verb:set package 'smart_cane_landmarks' build argument 'cmake_clean_cache' from command line to 'False'
[0.821s] Level 5:colcon.colcon_core.verb:set package 'smart_cane_landmarks' build argument 'cmake_clean_first' from command line to 'False'
[0.821s] Level 5:colcon.colcon_core.verb:set package 'smart_cane_landmarks' build argument 'cmake_force_configure' from command line to 'False'
[0.821s] Level 5:colcon.colcon_core.verb:set package 'smart_cane_landmarks' build argument 'ament_cmake_args' from command line to 'None'
[0.822s] Level 5:colcon.colcon_core.verb:set package 'smart_cane_landmarks' build argument 'catkin_cmake_args' from command line to 'None'
[0.822s] Level 5:colcon.colcon_core.verb:set package 'smart_cane_landmarks' build argument 'catkin_skip_building_tests' from command line to 'False'
[0.822s] DEBUG:colcon.colcon_core.verb:Building package 'smart_cane_landmarks' with the following arguments: {'ament_cmake_args': None, 'build_base': '/home/daniel/smart_cane/build/smart_cane_landmarks', 'catkin_cmake_args': None, 'catkin_skip_building_tests': False, 'cmake_args': None, 'cmake_clean_cache': False, 'cmake_clean_first': False, 'cmake_force_configure': False, 'cmake_target': None, 'cmake_target_skip_unavailable': False, 'install_base': '/home/daniel/smart_cane/install/smart_cane_landmarks', 'merge_install': False, 'path': '/home/daniel/smart_cane/src/smart_cane_landmarks', 'symlink_install': True, 'test_result_base': None}
[0.822s] Level 5:colcon.colcon_core.verb:set package 'smart_cane_msgs' build argument 'cmake_args' from command line to 'None'
[0.822s] Level 5:colcon.colcon_core.verb:set package 'smart_cane_msgs' build argument 'cmake_target' from command line to 'None'
[0.822s] Level 5:colcon.colcon_core.verb:set package 'smart_cane_msgs' build argument 'cmake_target_skip_unavailable' from command line to 'False'
[0.822s] Level 5:colcon.colcon_core.verb:set package 'smart_cane_msgs' build argument 'cmake_clean_cache' from command line to 'False'
[0.822s] Level 5:colcon.colcon_core.verb:set package 'smart_cane_msgs' build argument 'cmake_clean_first' from command line to 'False'
[0.822s] Level 5:colcon.colcon_core.verb:set package 'smart_cane_msgs' build argument 'cmake_force_configure' from command line to 'False'
[0.822s] Level 5:colcon.colcon_core.verb:set package 'smart_cane_msgs' build argument 'ament_cmake_args' from command line to 'None'
[0.822s] Level 5:colcon.colcon_core.verb:set package 'smart_cane_msgs' build argument 'catkin_cmake_args' from command line to 'None'
[0.822s] Level 5:colcon.colcon_core.verb:set package 'smart_cane_msgs' build argument 'catkin_skip_building_tests' from command line to 'False'
[0.822s] DEBUG:colcon.colcon_core.verb:Building package 'smart_cane_msgs' with the following arguments: {'ament_cmake_args': None, 'build_base': '/home/daniel/smart_cane/build/smart_cane_msgs', 'catkin_cmake_args': None, 'catkin_skip_building_tests': False, 'cmake_args': None, 'cmake_clean_cache': False, 'cmake_clean_first': False, 'cmake_force_configure': False, 'cmake_target': None, 'cmake_target_skip_unavailable': False, 'install_base': '/home/daniel/smart_cane/install/smart_cane_msgs', 'merge_install': False, 'path': '/home/daniel/smart_cane/src/smart_cane_msgs', 'symlink_install': True, 'test_result_base': None}
[0.822s] Level 5:colcon.colcon_core.verb:set package 'smart_cane_nav' build argument 'cmake_args' from command line to 'None'
[0.822s] Level 5:colcon.colcon_core.verb:set package 'smart_cane_nav' build argument 'cmake_target' from command line to 'None'
[0.822s] Level 5:colcon.colcon_core.verb:set package 'smart_cane_nav' build argument 'cmake_target_skip_unavailable' from command line to 'False'
[0.822s] Level 5:colcon.colcon_core.verb:set package 'smart_cane_nav' build argument 'cmake_clean_cache' from command line to 'False'
[0.822s] Level 5:colcon.colcon_core.verb:set package 'smart_cane_nav' build argument 'cmake_clean_first' from command line to 'False'
[0.822s] Level 5:colcon.colcon_core.verb:set package 'smart_cane_nav' build argument 'cmake_force_configure' from command line to 'False'
[0.822s] Level 5:colcon.colcon_core.verb:set package 'smart_cane_nav' build argument 'ament_cmake_args' from command line to 'None'
[0.822s] Level 5:colcon.colcon_core.verb:set package 'smart_cane_nav' build argument 'catkin_cmake_args' from command line to 'None'
[0.822s] Level 5:colcon.colcon_core.verb:set package 'smart_cane_nav' build argument 'catkin_skip_building_tests' from command line to 'False'
[0.822s] DEBUG:colcon.colcon_core.verb:Building package 'smart_cane_nav' with the following arguments: {'ament_cmake_args': None, 'build_base': '/home/daniel/smart_cane/build/smart_cane_nav', 'catkin_cmake_args': None, 'catkin_skip_building_tests': False, 'cmake_args': None, 'cmake_clean_cache': False, 'cmake_clean_first': False, 'cmake_force_configure': False, 'cmake_target': None, 'cmake_target_skip_unavailable': False, 'install_base': '/home/daniel/smart_cane/install/smart_cane_nav', 'merge_install': False, 'path': '/home/daniel/smart_cane/src/smart_cane_nav', 'symlink_install': True, 'test_result_base': None}
[0.822s] Level 5:colcon.colcon_core.verb:set package 'smart_cane_perception' build argument 'cmake_args' from command line to 'None'
[0.822s] Level 5:colcon.colcon_core.verb:set package 'smart_cane_perception' build argument 'cmake_target' from command line to 'None'
[0.822s] Level 5:colcon.colcon_core.verb:set package 'smart_cane_perception' build argument 'cmake_target_skip_unavailable' from command line to 'False'
[0.822s] Level 5:colcon.colcon_core.verb:set package 'smart_cane_perception' build argument 'cmake_clean_cache' from command line to 'False'
[0.822s] Level 5:colcon.colcon_core.verb:set package 'smart_cane_perception' build argument 'cmake_clean_first' from command line to 'False'
[0.822s] Level 5:colcon.colcon_core.verb:set package 'smart_cane_perception' build argument 'cmake_force_configure' from command line to 'False'
[0.822s] Level 5:colcon.colcon_core.verb:set package 'smart_cane_perception' build argument 'ament_cmake_args' from command line to 'None'
[0.822s] Level 5:colcon.colcon_core.verb:set package 'smart_cane_perception' build argument 'catkin_cmake_args' from command line to 'None'
[0.822s] Level 5:colcon.colcon_core.verb:set package 'smart_cane_perception' build argument 'catkin_skip_building_tests' from command line to 'False'
[0.822s] DEBUG:colcon.colcon_core.verb:Building package 'smart_cane_perception' with the following arguments: {'ament_cmake_args': None, 'build_base': '/home/daniel/smart_cane/build/smart_cane_perception', 'catkin_cmake_args': None, 'catkin_skip_building_tests': False, 'cmake_args': None, 'cmake_clean_cache': False, 'cmake_clean_first': False, 'cmake_force_configure': False, 'cmake_target': None, 'cmake_target_skip_unavailable': False, 'install_base': '/home/daniel/smart_cane/install/smart_cane_perception', 'merge_install': False, 'path': '/home/daniel/smart_cane/src/smart_cane_perception', 'symlink_install': True, 'test_result_base': None}
[0.822s] Level 5:colcon.colcon_core.verb:set package 'smart_cane_sim' build argument 'cmake_args' from command line to 'None'
[0.822s] Level 5:colcon.colcon_core.verb:set package 'smart_cane_sim' build argument 'cmake_target' from command line to 'None'
[0.822s] Level 5:colcon.colcon_core.verb:set package 'smart_cane_sim' build argument 'cmake_target_skip_unavailable' from command line to 'False'
[0.822s] Level 5:colcon.colcon_core.verb:set package 'smart_cane_sim' build argument 'cmake_clean_cache' from command line to 'False'
[0.822s] Level 5:colcon.colcon_core.verb:set package 'smart_cane_sim' build argument 'cmake_clean_first' from command line to 'False'
[0.822s] Level 5:colcon.colcon_core.verb:set package 'smart_cane_sim' build argument 'cmake_force_configure' from command line to 'False'
[0.822s] Level 5:colcon.colcon_core.verb:set package 'smart_cane_sim' build argument 'ament_cmake_args' from command line to 'None'
[0.822s] Level 5:colcon.colcon_core.verb:set package 'smart_cane_sim' build argument 'catkin_cmake_args' from command line to 'None'
[0.822s] Level 5:colcon.colcon_core.verb:set package 'smart_cane_sim' build argument 'catkin_skip_building_tests' from command line to 'False'
[0.822s] DEBUG:colcon.colcon_core.verb:Building package 'smart_cane_sim' with the following arguments: {'ament_cmake_args': None, 'build_base': '/home/daniel/smart_cane/build/smart_cane_sim', 'catkin_cmake_args': None, 'catkin_skip_building_tests': False, 'cmake_args': None, 'cmake_clean_cache': False, 'cmake_clean_first': False, 'cmake_force_configure': False, 'cmake_target': None, 'cmake_target_skip_unavailable': False, 'install_base': '/home/daniel/smart_cane/install/smart_cane_sim', 'merge_install': False, 'path': '/home/daniel/smart_cane/src/smart_cane_sim', 'symlink_install': True, 'test_result_base': None}
[0.823s] Level 5:colcon.colcon_core.verb:set package 'smart_cane_slam' build argument 'cmake_args' from command line to 'None'
[0.823s] Level 5:colcon.colcon_core.verb:set package 'smart_cane_slam' build argument 'cmake_target' from command line to 'None'
[0.823s] Level 5:colcon.colcon_core.verb:set package 'smart_cane_slam' build argument 'cmake_target_skip_unavailable' from command line to 'False'
[0.823s] Level 5:colcon.colcon_core.verb:set package 'smart_cane_slam' build argument 'cmake_clean_cache' from command line to 'False'
[0.823s] Level 5:colcon.colcon_core.verb:set package 'smart_cane_slam' build argument 'cmake_clean_first' from command line to 'False'
[0.823s] Level 5:colcon.colcon_core.verb:set package 'smart_cane_slam' build argument 'cmake_force_configure' from command line to 'False'
[0.823s] Level 5:colcon.colcon_core.verb:set package 'smart_cane_slam' build argument 'ament_cmake_args' from command line to 'None'
[0.823s] Level 5:colcon.colcon_core.verb:set package 'smart_cane_slam' build argument 'catkin_cmake_args' from command line to 'None'
[0.823s] Level 5:colcon.colcon_core.verb:set package 'smart_cane_slam' build argument 'catkin_skip_building_tests' from command line to 'False'
[0.823s] DEBUG:colcon.colcon_core.verb:Building package 'smart_cane_slam' with the following arguments: {'ament_cmake_args': None, 'build_base': '/home/daniel/smart_cane/build/smart_cane_slam', 'catkin_cmake_args': None, 'catkin_skip_building_tests': False, 'cmake_args': None, 'cmake_clean_cache': False, 'cmake_clean_first': False, 'cmake_force_configure': False, 'cmake_target': None, 'cmake_target_skip_unavailable': False, 'install_base': '/home/daniel/smart_cane/install/smart_cane_slam', 'merge_install': False, 'path': '/home/daniel/smart_cane/src/smart_cane_slam', 'symlink_install': True, 'test_result_base': None}
[0.823s] INFO:colcon.colcon_core.executor:Executing jobs using 'parallel' executor
[0.823s] DEBUG:colcon.colcon_parallel_executor.executor.parallel:run_until_complete
[0.824s] INFO:colcon.colcon_ros.task.ament_cmake.build:Building ROS package in '/home/daniel/smart_cane/src/smart_cane_bringup' with build type 'ament_cmake'
[0.824s] INFO:colcon.colcon_cmake.task.cmake.build:Building CMake package in '/home/daniel/smart_cane/src/smart_cane_bringup'
[0.831s] INFO:colcon.colcon_core.plugin_system:Skipping extension 'colcon_core.shell.bat': Not used on non-Windows systems
[0.831s] INFO:colcon.colcon_core.shell:Skip shell extension 'powershell' for command environment: Not usable outside of PowerShell
[0.831s] DEBUG:colcon.colcon_core.shell:Skip shell extension 'dsv' for command environment
[0.834s] INFO:colcon.colcon_ros.task.ament_python.build:Building ROS package in '/home/daniel/smart_cane/src/smart_cane_landmarks' with build type 'ament_python'
[0.834s] Level 1:colcon.colcon_core.shell:create_environment_hook('smart_cane_landmarks', 'ament_prefix_path')
[0.835s] INFO:colcon.colcon_core.shell:Creating environment hook '/home/daniel/smart_cane/install/smart_cane_landmarks/share/smart_cane_landmarks/hook/ament_prefix_path.ps1'
[0.838s] INFO:colcon.colcon_core.shell:Creating environment descriptor '/home/daniel/smart_cane/install/smart_cane_landmarks/share/smart_cane_landmarks/hook/ament_prefix_path.dsv'
[0.838s] INFO:colcon.colcon_core.shell:Creating environment hook '/home/daniel/smart_cane/install/smart_cane_landmarks/share/smart_cane_landmarks/hook/ament_prefix_path.sh'
[0.839s] INFO:colcon.colcon_core.shell:Skip shell extension 'powershell' for command environment: Not usable outside of PowerShell
[0.839s] DEBUG:colcon.colcon_core.shell:Skip shell extension 'dsv' for command environment
[0.842s] INFO:colcon.colcon_ros.task.ament_cmake.build:Building ROS package in '/home/daniel/smart_cane/src/smart_cane_msgs' with build type 'ament_cmake'
[0.842s] INFO:colcon.colcon_cmake.task.cmake.build:Building CMake package in '/home/daniel/smart_cane/src/smart_cane_msgs'
[0.842s] INFO:colcon.colcon_core.shell:Skip shell extension 'powershell' for command environment: Not usable outside of PowerShell
[0.842s] DEBUG:colcon.colcon_core.shell:Skip shell extension 'dsv' for command environment
[0.845s] INFO:colcon.colcon_ros.task.ament_python.build:Building ROS package in '/home/daniel/smart_cane/src/smart_cane_nav' with build type 'ament_python'
[0.845s] Level 1:colcon.colcon_core.shell:create_environment_hook('smart_cane_nav', 'ament_prefix_path')
[0.845s] INFO:colcon.colcon_core.shell:Creating environment hook '/home/daniel/smart_cane/install/smart_cane_nav/share/smart_cane_nav/hook/ament_prefix_path.ps1'
[0.846s] INFO:colcon.colcon_core.shell:Creating environment descriptor '/home/daniel/smart_cane/install/smart_cane_nav/share/smart_cane_nav/hook/ament_prefix_path.dsv'
[0.847s] INFO:colcon.colcon_core.shell:Creating environment hook '/home/daniel/smart_cane/install/smart_cane_nav/share/smart_cane_nav/hook/ament_prefix_path.sh'
[0.847s] INFO:colcon.colcon_core.shell:Skip shell extension 'powershell' for command environment: Not usable outside of PowerShell
[0.847s] DEBUG:colcon.colcon_core.shell:Skip shell extension 'dsv' for command environment
[0.849s] INFO:colcon.colcon_ros.task.ament_python.build:Building ROS package in '/home/daniel/smart_cane/src/smart_cane_perception' with build type 'ament_python'
[0.849s] Level 1:colcon.colcon_core.shell:create_environment_hook('smart_cane_perception', 'ament_prefix_path')
[0.850s] INFO:colcon.colcon_core.shell:Creating environment hook '/home/daniel/smart_cane/install/smart_cane_perception/share/smart_cane_perception/hook/ament_prefix_path.ps1'
[0.851s] INFO:colcon.colcon_core.shell:Creating environment descriptor '/home/daniel/smart_cane/install/smart_cane_perception/share/smart_cane_perception/hook/ament_prefix_path.dsv'
[0.851s] INFO:colcon.colcon_core.shell:Creating environment hook '/home/daniel/smart_cane/install/smart_cane_perception/share/smart_cane_perception/hook/ament_prefix_path.sh'
[0.851s] INFO:colcon.colcon_core.shell:Skip shell extension 'powershell' for command environment: Not usable outside of PowerShell
[0.851s] DEBUG:colcon.colcon_core.shell:Skip shell extension 'dsv' for command environment
[0.853s] INFO:colcon.colcon_ros.task.ament_cmake.build:Building ROS package in '/home/daniel/smart_cane/src/smart_cane_sim' with build type 'ament_cmake'
[0.853s] INFO:colcon.colcon_cmake.task.cmake.build:Building CMake package in '/home/daniel/smart_cane/src/smart_cane_sim'
[0.854s] INFO:colcon.colcon_core.shell:Skip shell extension 'powershell' for command environment: Not usable outside of PowerShell
[0.854s] DEBUG:colcon.colcon_core.shell:Skip shell extension 'dsv' for command environment
[0.856s] INFO:colcon.colcon_ros.task.ament_cmake.build:Building ROS package in '/home/daniel/smart_cane/src/smart_cane_slam' with build type 'ament_cmake'
[0.856s] INFO:colcon.colcon_cmake.task.cmake.build:Building CMake package in '/home/daniel/smart_cane/src/smart_cane_slam'
[0.856s] INFO:colcon.colcon_core.shell:Skip shell extension 'powershell' for command environment: Not usable outside of PowerShell
[0.856s] DEBUG:colcon.colcon_core.shell:Skip shell extension 'dsv' for command environment
[0.864s] DEBUG:colcon.colcon_core.event_handler.log_command:Invoking command in '/home/daniel/smart_cane/build/smart_cane_bringup': CMAKE_PREFIX_PATH=/opt/ros/foxy /usr/bin/cmake /home/daniel/smart_cane/src/smart_cane_bringup -DAMENT_CMAKE_SYMLINK_INSTALL=1 -DCMAKE_INSTALL_PREFIX=/home/daniel/smart_cane/install/smart_cane_bringup
[0.998s] INFO:colcon.colcon_core.task.python.build:Building Python package in '/home/daniel/smart_cane/src/smart_cane_landmarks'
[0.998s] INFO:colcon.colcon_core.shell:Skip shell extension 'powershell' for command environment: Not usable outside of PowerShell
[0.998s] DEBUG:colcon.colcon_core.shell:Skip shell extension 'dsv' for command environment
[1.005s] DEBUG:colcon.colcon_core.event_handler.log_command:Invoking command in '/home/daniel/smart_cane/build/smart_cane_msgs': CMAKE_PREFIX_PATH=/opt/ros/foxy /usr/bin/cmake /home/daniel/smart_cane/src/smart_cane_msgs -DAMENT_CMAKE_SYMLINK_INSTALL=1 -DCMAKE_INSTALL_PREFIX=/home/daniel/smart_cane/install/smart_cane_msgs
[1.122s] INFO:colcon.colcon_core.task.python.build:Building Python package in '/home/daniel/smart_cane/src/smart_cane_nav'
[1.122s] INFO:colcon.colcon_core.shell:Skip shell extension 'powershell' for command environment: Not usable outside of PowerShell
[1.122s] DEBUG:colcon.colcon_core.shell:Skip shell extension 'dsv' for command environment
[1.242s] INFO:colcon.colcon_core.task.python.build:Building Python package in '/home/daniel/smart_cane/src/smart_cane_perception'
[1.242s] INFO:colcon.colcon_core.shell:Skip shell extension 'powershell' for command environment: Not usable outside of PowerShell
[1.242s] DEBUG:colcon.colcon_core.shell:Skip shell extension 'dsv' for command environment
[1.248s] DEBUG:colcon.colcon_core.event_handler.log_command:Invoking command in '/home/daniel/smart_cane/build/smart_cane_sim': CMAKE_PREFIX_PATH=/opt/ros/foxy /usr/bin/cmake /home/daniel/smart_cane/src/smart_cane_sim -DAMENT_CMAKE_SYMLINK_INSTALL=1 -DCMAKE_INSTALL_PREFIX=/home/daniel/smart_cane/install/smart_cane_sim
[1.251s] DEBUG:colcon.colcon_core.event_handler.log_command:Invoking command in '/home/daniel/smart_cane/build/smart_cane_slam': CMAKE_PREFIX_PATH=/opt/ros/foxy /usr/bin/cmake /home/daniel/smart_cane/src/smart_cane_slam -DAMENT_CMAKE_SYMLINK_INSTALL=1 -DCMAKE_INSTALL_PREFIX=/home/daniel/smart_cane/install/smart_cane_slam
[1.675s] DEBUG:colcon.colcon_core.event_handler.log_command:Invoking command in '/home/daniel/smart_cane/build/smart_cane_landmarks': PYTHONPATH=/home/daniel/smart_cane/build/smart_cane_landmarks/prefix_override:/usr/lib/python3/dist-packages/colcon_core/task/python/colcon_distutils_commands:/home/daniel/smart_cane/install/smart_cane_landmarks/lib/python3.8/site-packages:${PYTHONPATH} /usr/bin/python3 -W ignore:setup.py install is deprecated -W ignore:easy_install command is deprecated setup.py develop --editable --build-directory /home/daniel/smart_cane/build/smart_cane_landmarks/build --no-deps symlink_data
[1.678s] DEBUG:colcon.colcon_core.event_handler.log_command:Invoking command in '/home/daniel/smart_cane/build/smart_cane_perception': PYTHONPATH=/home/daniel/smart_cane/build/smart_cane_perception/prefix_override:/usr/lib/python3/dist-packages/colcon_core/task/python/colcon_distutils_commands:/home/daniel/smart_cane/install/smart_cane_perception/lib/python3.8/site-packages:${PYTHONPATH} /usr/bin/python3 -W ignore:setup.py install is deprecated -W ignore:easy_install command is deprecated setup.py develop --editable --build-directory /home/daniel/smart_cane/build/smart_cane_perception/build --no-deps symlink_data
[1.680s] DEBUG:colcon.colcon_core.event_handler.log_command:Invoking command in '/home/daniel/smart_cane/build/smart_cane_nav': PYTHONPATH=/home/daniel/smart_cane/build/smart_cane_nav/prefix_override:/usr/lib/python3/dist-packages/colcon_core/task/python/colcon_distutils_commands:/home/daniel/smart_cane/install/smart_cane_nav/lib/python3.8/site-packages:${PYTHONPATH} /usr/bin/python3 -W ignore:setup.py install is deprecated -W ignore:easy_install command is deprecated setup.py develop --editable --build-directory /home/daniel/smart_cane/build/smart_cane_nav/build --no-deps symlink_data
[1.968s] Level 1:colcon.colcon_core.shell:create_environment_hook('smart_cane_landmarks', 'pythonpath_develop')
[1.968s] DEBUG:colcon.colcon_core.event_handler.log_command:Invoked command in '/home/daniel/smart_cane/build/smart_cane_landmarks' returned '0': PYTHONPATH=/home/daniel/smart_cane/build/smart_cane_landmarks/prefix_override:/usr/lib/python3/dist-packages/colcon_core/task/python/colcon_distutils_commands:/home/daniel/smart_cane/install/smart_cane_landmarks/lib/python3.8/site-packages:${PYTHONPATH} /usr/bin/python3 -W ignore:setup.py install is deprecated -W ignore:easy_install command is deprecated setup.py develop --editable --build-directory /home/daniel/smart_cane/build/smart_cane_landmarks/build --no-deps symlink_data
[1.968s] INFO:colcon.colcon_core.shell:Creating environment hook '/home/daniel/smart_cane/build/smart_cane_landmarks/share/smart_cane_landmarks/hook/pythonpath_develop.ps1'
[1.969s] INFO:colcon.colcon_core.shell:Creating environment descriptor '/home/daniel/smart_cane/build/smart_cane_landmarks/share/smart_cane_landmarks/hook/pythonpath_develop.dsv'
[1.969s] INFO:colcon.colcon_core.shell:Creating environment hook '/home/daniel/smart_cane/build/smart_cane_landmarks/share/smart_cane_landmarks/hook/pythonpath_develop.sh'
[1.980s] Level 1:colcon.colcon_core.environment:checking '/home/daniel/smart_cane/install/smart_cane_landmarks' for CMake module files
[1.981s] Level 1:colcon.colcon_core.environment:checking '/home/daniel/smart_cane/install/smart_cane_landmarks' for CMake config files
[1.981s] Level 1:colcon.colcon_core.environment:checking '/home/daniel/smart_cane/install/smart_cane_landmarks/lib'
[1.981s] Level 1:colcon.colcon_core.environment:checking '/home/daniel/smart_cane/install/smart_cane_landmarks/bin'
[1.981s] Level 1:colcon.colcon_core.environment:checking '/home/daniel/smart_cane/install/smart_cane_landmarks/lib/pkgconfig/smart_cane_landmarks.pc'
[1.981s] Level 1:colcon.colcon_core.environment:checking '/home/daniel/smart_cane/install/smart_cane_landmarks/lib/python3.8/site-packages'
[1.981s] Level 1:colcon.colcon_core.shell:create_environment_hook('smart_cane_landmarks', 'pythonpath')
[1.981s] INFO:colcon.colcon_core.shell:Creating environment hook '/home/daniel/smart_cane/install/smart_cane_landmarks/share/smart_cane_landmarks/hook/pythonpath.ps1'
[1.982s] INFO:colcon.colcon_core.shell:Creating environment descriptor '/home/daniel/smart_cane/install/smart_cane_landmarks/share/smart_cane_landmarks/hook/pythonpath.dsv'
[1.982s] INFO:colcon.colcon_core.shell:Creating environment hook '/home/daniel/smart_cane/install/smart_cane_landmarks/share/smart_cane_landmarks/hook/pythonpath.sh'
[1.982s] Level 1:colcon.colcon_core.environment:checking '/home/daniel/smart_cane/install/smart_cane_landmarks/bin'
[1.982s] Level 1:colcon.colcon_core.environment:create_environment_scripts_only(smart_cane_landmarks)
[1.983s] INFO:colcon.colcon_core.shell:Creating package script '/home/daniel/smart_cane/install/smart_cane_landmarks/share/smart_cane_landmarks/package.ps1'
[1.983s] INFO:colcon.colcon_core.shell:Creating package descriptor '/home/daniel/smart_cane/install/smart_cane_landmarks/share/smart_cane_landmarks/package.dsv'
[1.984s] INFO:colcon.colcon_core.shell:Creating package script '/home/daniel/smart_cane/install/smart_cane_landmarks/share/smart_cane_landmarks/package.sh'
[1.985s] INFO:colcon.colcon_core.shell:Creating package script '/home/daniel/smart_cane/install/smart_cane_landmarks/share/smart_cane_landmarks/package.bash'
[1.987s] INFO:colcon.colcon_core.shell:Creating package script '/home/daniel/smart_cane/install/smart_cane_landmarks/share/smart_cane_landmarks/package.zsh'
[1.988s] Level 1:colcon.colcon_core.environment:create_file_with_runtime_dependencies(/home/daniel/smart_cane/install/smart_cane_landmarks/share/colcon-core/packages/smart_cane_landmarks)
[1.989s] Level 1:colcon.colcon_core.shell:create_environment_hook('smart_cane_nav', 'pythonpath_develop')
[1.990s] INFO:colcon.colcon_core.shell:Creating environment hook '/home/daniel/smart_cane/build/smart_cane_nav/share/smart_cane_nav/hook/pythonpath_develop.ps1'
[1.990s] DEBUG:colcon.colcon_core.event_handler.log_command:Invoked command in '/home/daniel/smart_cane/build/smart_cane_nav' returned '0': PYTHONPATH=/home/daniel/smart_cane/build/smart_cane_nav/prefix_override:/usr/lib/python3/dist-packages/colcon_core/task/python/colcon_distutils_commands:/home/daniel/smart_cane/install/smart_cane_nav/lib/python3.8/site-packages:${PYTHONPATH} /usr/bin/python3 -W ignore:setup.py install is deprecated -W ignore:easy_install command is deprecated setup.py develop --editable --build-directory /home/daniel/smart_cane/build/smart_cane_nav/build --no-deps symlink_data
[1.991s] INFO:colcon.colcon_core.shell:Creating environment descriptor '/home/daniel/smart_cane/build/smart_cane_nav/share/smart_cane_nav/hook/pythonpath_develop.dsv'
[1.991s] INFO:colcon.colcon_core.shell:Creating environment hook '/home/daniel/smart_cane/build/smart_cane_nav/share/smart_cane_nav/hook/pythonpath_develop.sh'
[1.991s] Level 1:colcon.colcon_core.environment:checking '/home/daniel/smart_cane/install/smart_cane_nav' for CMake module files
[1.991s] Level 1:colcon.colcon_core.environment:checking '/home/daniel/smart_cane/install/smart_cane_nav' for CMake config files
[1.991s] Level 1:colcon.colcon_core.environment:checking '/home/daniel/smart_cane/install/smart_cane_nav/lib'
[1.991s] Level 1:colcon.colcon_core.environment:checking '/home/daniel/smart_cane/install/smart_cane_nav/bin'
[1.992s] Level 1:colcon.colcon_core.environment:checking '/home/daniel/smart_cane/install/smart_cane_nav/lib/pkgconfig/smart_cane_nav.pc'
[1.992s] Level 1:colcon.colcon_core.environment:checking '/home/daniel/smart_cane/install/smart_cane_nav/lib/python3.8/site-packages'
[1.992s] Level 1:colcon.colcon_core.shell:create_environment_hook('smart_cane_nav', 'pythonpath')
[1.992s] INFO:colcon.colcon_core.shell:Creating environment hook '/home/daniel/smart_cane/install/smart_cane_nav/share/smart_cane_nav/hook/pythonpath.ps1'
[1.992s] INFO:colcon.colcon_core.shell:Creating environment descriptor '/home/daniel/smart_cane/install/smart_cane_nav/share/smart_cane_nav/hook/pythonpath.dsv'
[1.992s] INFO:colcon.colcon_core.shell:Creating environment hook '/home/daniel/smart_cane/install/smart_cane_nav/share/smart_cane_nav/hook/pythonpath.sh'
[1.992s] Level 1:colcon.colcon_core.environment:checking '/home/daniel/smart_cane/install/smart_cane_nav/bin'
[1.992s] Level 1:colcon.colcon_core.environment:create_environment_scripts_only(smart_cane_nav)
[1.993s] INFO:colcon.colcon_core.shell:Creating package script '/home/daniel/smart_cane/install/smart_cane_nav/share/smart_cane_nav/package.ps1'
[1.993s] INFO:colcon.colcon_core.shell:Creating package descriptor '/home/daniel/smart_cane/install/smart_cane_nav/share/smart_cane_nav/package.dsv'
[1.993s] INFO:colcon.colcon_core.shell:Creating package script '/home/daniel/smart_cane/install/smart_cane_nav/share/smart_cane_nav/package.sh'
[1.993s] INFO:colcon.colcon_core.shell:Creating package script '/home/daniel/smart_cane/install/smart_cane_nav/share/smart_cane_nav/package.bash'
[1.993s] INFO:colcon.colcon_core.shell:Creating package script '/home/daniel/smart_cane/install/smart_cane_nav/share/smart_cane_nav/package.zsh'
[1.993s] Level 1:colcon.colcon_core.environment:create_file_with_runtime_dependencies(/home/daniel/smart_cane/install/smart_cane_nav/share/colcon-core/packages/smart_cane_nav)
[1.994s] Level 1:colcon.colcon_core.shell:create_environment_hook('smart_cane_perception', 'pythonpath_develop')
[1.994s] INFO:colcon.colcon_core.shell:Creating environment hook '/home/daniel/smart_cane/build/smart_cane_perception/share/smart_cane_perception/hook/pythonpath_develop.ps1'
[1.995s] DEBUG:colcon.colcon_core.event_handler.log_command:Invoked command in '/home/daniel/smart_cane/build/smart_cane_perception' returned '0': PYTHONPATH=/home/daniel/smart_cane/build/smart_cane_perception/prefix_override:/usr/lib/python3/dist-packages/colcon_core/task/python/colcon_distutils_commands:/home/daniel/smart_cane/install/smart_cane_perception/lib/python3.8/site-packages:${PYTHONPATH} /usr/bin/python3 -W ignore:setup.py install is deprecated -W ignore:easy_install command is deprecated setup.py develop --editable --build-directory /home/daniel/smart_cane/build/smart_cane_perception/build --no-deps symlink_data
[1.995s] INFO:colcon.colcon_core.shell:Creating environment descriptor '/home/daniel/smart_cane/build/smart_cane_perception/share/smart_cane_perception/hook/pythonpath_develop.dsv'
[1.995s] INFO:colcon.colcon_core.shell:Creating environment hook '/home/daniel/smart_cane/build/smart_cane_perception/share/smart_cane_perception/hook/pythonpath_develop.sh'
[1.996s] Level 1:colcon.colcon_core.environment:checking '/home/daniel/smart_cane/install/smart_cane_perception' for CMake module files
[1.996s] Level 1:colcon.colcon_core.environment:checking '/home/daniel/smart_cane/install/smart_cane_perception' for CMake config files
[1.996s] Level 1:colcon.colcon_core.environment:checking '/home/daniel/smart_cane/install/smart_cane_perception/lib'
[1.996s] Level 1:colcon.colcon_core.environment:checking '/home/daniel/smart_cane/install/smart_cane_perception/bin'
[1.996s] Level 1:colcon.colcon_core.environment:checking '/home/daniel/smart_cane/install/smart_cane_perception/lib/pkgconfig/smart_cane_perception.pc'
[1.996s] Level 1:colcon.colcon_core.environment:checking '/home/daniel/smart_cane/install/smart_cane_perception/lib/python3.8/site-packages'
[1.997s] Level 1:colcon.colcon_core.shell:create_environment_hook('smart_cane_perception', 'pythonpath')
[1.997s] INFO:colcon.colcon_core.shell:Creating environment hook '/home/daniel/smart_cane/install/smart_cane_perception/share/smart_cane_perception/hook/pythonpath.ps1'
[1.997s] INFO:colcon.colcon_core.shell:Creating environment descriptor '/home/daniel/smart_cane/install/smart_cane_perception/share/smart_cane_perception/hook/pythonpath.dsv'
[1.997s] INFO:colcon.colcon_core.shell:Creating environment hook '/home/daniel/smart_cane/install/smart_cane_perception/share/smart_cane_perception/hook/pythonpath.sh'
[1.997s] Level 1:colcon.colcon_core.environment:checking '/home/daniel/smart_cane/install/smart_cane_perception/bin'
[1.997s] Level 1:colcon.colcon_core.environment:create_environment_scripts_only(smart_cane_perception)
[1.997s] INFO:colcon.colcon_core.shell:Creating package script '/home/daniel/smart_cane/install/smart_cane_perception/share/smart_cane_perception/package.ps1'
[1.998s] INFO:colcon.colcon_core.shell:Creating package descriptor '/home/daniel/smart_cane/install/smart_cane_perception/share/smart_cane_perception/package.dsv'
[1.998s] INFO:colcon.colcon_core.shell:Creating package script '/home/daniel/smart_cane/install/smart_cane_perception/share/smart_cane_perception/package.sh'
[1.998s] INFO:colcon.colcon_core.shell:Creating package script '/home/daniel/smart_cane/install/smart_cane_perception/share/smart_cane_perception/package.bash'
[1.998s] INFO:colcon.colcon_core.shell:Creating package script '/home/daniel/smart_cane/install/smart_cane_perception/share/smart_cane_perception/package.zsh'
[1.998s] Level 1:colcon.colcon_core.environment:create_file_with_runtime_dependencies(/home/daniel/smart_cane/install/smart_cane_perception/share/colcon-core/packages/smart_cane_perception)
[2.889s] DEBUG:colcon.colcon_core.event_handler.log_command:Invoked command in '/home/daniel/smart_cane/build/smart_cane_bringup' returned '0': CMAKE_PREFIX_PATH=/opt/ros/foxy /usr/bin/cmake /home/daniel/smart_cane/src/smart_cane_bringup -DAMENT_CMAKE_SYMLINK_INSTALL=1 -DCMAKE_INSTALL_PREFIX=/home/daniel/smart_cane/install/smart_cane_bringup
[2.892s] DEBUG:colcon.colcon_core.event_handler.log_command:Invoking command in '/home/daniel/smart_cane/build/smart_cane_bringup': CMAKE_PREFIX_PATH=/opt/ros/foxy /usr/bin/cmake --build /home/daniel/smart_cane/build/smart_cane_bringup -- -j32 -l32
[2.892s] DEBUG:colcon.colcon_core.event_handler.log_command:Invoked command in '/home/daniel/smart_cane/build/smart_cane_sim' returned '0': CMAKE_PREFIX_PATH=/opt/ros/foxy /usr/bin/cmake /home/daniel/smart_cane/src/smart_cane_sim -DAMENT_CMAKE_SYMLINK_INSTALL=1 -DCMAKE_INSTALL_PREFIX=/home/daniel/smart_cane/install/smart_cane_sim
[2.895s] DEBUG:colcon.colcon_core.event_handler.log_command:Invoking command in '/home/daniel/smart_cane/build/smart_cane_sim': CMAKE_PREFIX_PATH=/opt/ros/foxy /usr/bin/cmake --build /home/daniel/smart_cane/build/smart_cane_sim -- -j32 -l32
[2.913s] DEBUG:colcon.colcon_core.event_handler.log_command:Invoked command in '/home/daniel/smart_cane/build/smart_cane_bringup' returned '0': CMAKE_PREFIX_PATH=/opt/ros/foxy /usr/bin/cmake --build /home/daniel/smart_cane/build/smart_cane_bringup -- -j32 -l32
[2.920s] DEBUG:colcon.colcon_core.event_handler.log_command:Invoking command in '/home/daniel/smart_cane/build/smart_cane_bringup': CMAKE_PREFIX_PATH=/opt/ros/foxy /usr/bin/cmake --install /home/daniel/smart_cane/build/smart_cane_bringup
[2.923s] DEBUG:colcon.colcon_core.event_handler.log_command:Invoked command in '/home/daniel/smart_cane/build/smart_cane_sim' returned '0': CMAKE_PREFIX_PATH=/opt/ros/foxy /usr/bin/cmake --build /home/daniel/smart_cane/build/smart_cane_sim -- -j32 -l32
[2.924s] DEBUG:colcon.colcon_core.event_handler.log_command:Invoking command in '/home/daniel/smart_cane/build/smart_cane_sim': CMAKE_PREFIX_PATH=/opt/ros/foxy /usr/bin/cmake --install /home/daniel/smart_cane/build/smart_cane_sim
[3.007s] Level 1:colcon.colcon_core.environment:create_environment_scripts_only(smart_cane_sim)
[3.007s] DEBUG:colcon.colcon_core.event_handler.log_command:Invoked command in '/home/daniel/smart_cane/build/smart_cane_sim' returned '0': CMAKE_PREFIX_PATH=/opt/ros/foxy /usr/bin/cmake --install /home/daniel/smart_cane/build/smart_cane_sim
[3.007s] Level 1:colcon.colcon_core.environment:checking '/home/daniel/smart_cane/install/smart_cane_sim' for CMake module files
[3.007s] Level 1:colcon.colcon_core.environment:checking '/home/daniel/smart_cane/install/smart_cane_sim' for CMake config files
[3.008s] Level 1:colcon.colcon_core.shell:create_environment_hook('smart_cane_sim', 'cmake_prefix_path')
[3.008s] INFO:colcon.colcon_core.shell:Creating environment hook '/home/daniel/smart_cane/install/smart_cane_sim/share/smart_cane_sim/hook/cmake_prefix_path.ps1'
[3.008s] INFO:colcon.colcon_core.shell:Creating environment descriptor '/home/daniel/smart_cane/install/smart_cane_sim/share/smart_cane_sim/hook/cmake_prefix_path.dsv'
[3.008s] INFO:colcon.colcon_core.shell:Creating environment hook '/home/daniel/smart_cane/install/smart_cane_sim/share/smart_cane_sim/hook/cmake_prefix_path.sh'
[3.009s] Level 1:colcon.colcon_core.environment:checking '/home/daniel/smart_cane/install/smart_cane_sim/bin'
[3.009s] Level 1:colcon.colcon_core.environment:checking '/home/daniel/smart_cane/install/smart_cane_sim/lib/pkgconfig/smart_cane_sim.pc'
[3.009s] Level 1:colcon.colcon_core.environment:checking '/home/daniel/smart_cane/install/smart_cane_sim/lib/python3.8/site-packages'
[3.009s] Level 1:colcon.colcon_core.environment:checking '/home/daniel/smart_cane/install/smart_cane_sim/bin'
[3.009s] INFO:colcon.colcon_core.shell:Creating package script '/home/daniel/smart_cane/install/smart_cane_sim/share/smart_cane_sim/package.ps1'
[3.009s] INFO:colcon.colcon_core.shell:Creating package descriptor '/home/daniel/smart_cane/install/smart_cane_sim/share/smart_cane_sim/package.dsv'
[3.009s] INFO:colcon.colcon_core.shell:Creating package script '/home/daniel/smart_cane/install/smart_cane_sim/share/smart_cane_sim/package.sh'
[3.009s] INFO:colcon.colcon_core.shell:Creating package script '/home/daniel/smart_cane/install/smart_cane_sim/share/smart_cane_sim/package.bash'
[3.010s] INFO:colcon.colcon_core.shell:Creating package script '/home/daniel/smart_cane/install/smart_cane_sim/share/smart_cane_sim/package.zsh'
[3.010s] Level 1:colcon.colcon_core.environment:create_file_with_runtime_dependencies(/home/daniel/smart_cane/install/smart_cane_sim/share/colcon-core/packages/smart_cane_sim)
[3.010s] Level 1:colcon.colcon_core.environment:create_environment_scripts_only(smart_cane_sim)
[3.010s] Level 1:colcon.colcon_core.environment:checking '/home/daniel/smart_cane/install/smart_cane_sim' for CMake module files
[3.010s] Level 1:colcon.colcon_core.environment:checking '/home/daniel/smart_cane/install/smart_cane_sim' for CMake config files
[3.010s] Level 1:colcon.colcon_core.shell:create_environment_hook('smart_cane_sim', 'cmake_prefix_path')
[3.011s] INFO:colcon.colcon_core.shell:Creating environment hook '/home/daniel/smart_cane/install/smart_cane_sim/share/smart_cane_sim/hook/cmake_prefix_path.ps1'
[3.011s] INFO:colcon.colcon_core.shell:Creating environment descriptor '/home/daniel/smart_cane/install/smart_cane_sim/share/smart_cane_sim/hook/cmake_prefix_path.dsv'
[3.011s] INFO:colcon.colcon_core.shell:Creating environment hook '/home/daniel/smart_cane/install/smart_cane_sim/share/smart_cane_sim/hook/cmake_prefix_path.sh'
[3.012s] Level 1:colcon.colcon_core.environment:checking '/home/daniel/smart_cane/install/smart_cane_sim/bin'
[3.012s] Level 1:colcon.colcon_core.environment:checking '/home/daniel/smart_cane/install/smart_cane_sim/lib/pkgconfig/smart_cane_sim.pc'
[3.012s] Level 1:colcon.colcon_core.environment:checking '/home/daniel/smart_cane/install/smart_cane_sim/lib/python3.8/site-packages'
[3.012s] Level 1:colcon.colcon_core.environment:checking '/home/daniel/smart_cane/install/smart_cane_sim/bin'
[3.012s] INFO:colcon.colcon_core.shell:Creating package script '/home/daniel/smart_cane/install/smart_cane_sim/share/smart_cane_sim/package.ps1'
[3.012s] INFO:colcon.colcon_core.shell:Creating package descriptor '/home/daniel/smart_cane/install/smart_cane_sim/share/smart_cane_sim/package.dsv'
[3.013s] INFO:colcon.colcon_core.shell:Creating package script '/home/daniel/smart_cane/install/smart_cane_sim/share/smart_cane_sim/package.sh'
[3.013s] INFO:colcon.colcon_core.shell:Creating package script '/home/daniel/smart_cane/install/smart_cane_sim/share/smart_cane_sim/package.bash'
[3.013s] INFO:colcon.colcon_core.shell:Creating package script '/home/daniel/smart_cane/install/smart_cane_sim/share/smart_cane_sim/package.zsh'
[3.013s] Level 1:colcon.colcon_core.environment:create_file_with_runtime_dependencies(/home/daniel/smart_cane/install/smart_cane_sim/share/colcon-core/packages/smart_cane_sim)
[3.014s] Level 1:colcon.colcon_core.environment:create_environment_scripts_only(smart_cane_bringup)
[3.014s] Level 1:colcon.colcon_core.environment:checking '/home/daniel/smart_cane/install/smart_cane_bringup' for CMake module files
[3.015s] DEBUG:colcon.colcon_core.event_handler.log_command:Invoked command in '/home/daniel/smart_cane/build/smart_cane_bringup' returned '0': CMAKE_PREFIX_PATH=/opt/ros/foxy /usr/bin/cmake --install /home/daniel/smart_cane/build/smart_cane_bringup
[3.015s] Level 1:colcon.colcon_core.environment:checking '/home/daniel/smart_cane/install/smart_cane_bringup' for CMake config files
[3.015s] Level 1:colcon.colcon_core.shell:create_environment_hook('smart_cane_bringup', 'cmake_prefix_path')
[3.015s] INFO:colcon.colcon_core.shell:Creating environment hook '/home/daniel/smart_cane/install/smart_cane_bringup/share/smart_cane_bringup/hook/cmake_prefix_path.ps1'
[3.015s] INFO:colcon.colcon_core.shell:Creating environment descriptor '/home/daniel/smart_cane/install/smart_cane_bringup/share/smart_cane_bringup/hook/cmake_prefix_path.dsv'
[3.015s] INFO:colcon.colcon_core.shell:Creating environment hook '/home/daniel/smart_cane/install/smart_cane_bringup/share/smart_cane_bringup/hook/cmake_prefix_path.sh'
[3.016s] Level 1:colcon.colcon_core.environment:checking '/home/daniel/smart_cane/install/smart_cane_bringup/bin'
[3.016s] Level 1:colcon.colcon_core.environment:checking '/home/daniel/smart_cane/install/smart_cane_bringup/lib/pkgconfig/smart_cane_bringup.pc'
[3.016s] Level 1:colcon.colcon_core.environment:checking '/home/daniel/smart_cane/install/smart_cane_bringup/lib/python3.8/site-packages'
[3.016s] Level 1:colcon.colcon_core.environment:checking '/home/daniel/smart_cane/install/smart_cane_bringup/bin'
[3.016s] INFO:colcon.colcon_core.shell:Creating package script '/home/daniel/smart_cane/install/smart_cane_bringup/share/smart_cane_bringup/package.ps1'
[3.016s] INFO:colcon.colcon_core.shell:Creating package descriptor '/home/daniel/smart_cane/install/smart_cane_bringup/share/smart_cane_bringup/package.dsv'
[3.016s] INFO:colcon.colcon_core.shell:Creating package script '/home/daniel/smart_cane/install/smart_cane_bringup/share/smart_cane_bringup/package.sh'
[3.017s] INFO:colcon.colcon_core.shell:Creating package script '/home/daniel/smart_cane/install/smart_cane_bringup/share/smart_cane_bringup/package.bash'
[3.017s] INFO:colcon.colcon_core.shell:Creating package script '/home/daniel/smart_cane/install/smart_cane_bringup/share/smart_cane_bringup/package.zsh'
[3.017s] Level 1:colcon.colcon_core.environment:create_file_with_runtime_dependencies(/home/daniel/smart_cane/install/smart_cane_bringup/share/colcon-core/packages/smart_cane_bringup)
[3.017s] Level 1:colcon.colcon_core.environment:create_environment_scripts_only(smart_cane_bringup)
[3.017s] Level 1:colcon.colcon_core.environment:checking '/home/daniel/smart_cane/install/smart_cane_bringup' for CMake module files
[3.018s] Level 1:colcon.colcon_core.environment:checking '/home/daniel/smart_cane/install/smart_cane_bringup' for CMake config files
[3.018s] Level 1:colcon.colcon_core.shell:create_environment_hook('smart_cane_bringup', 'cmake_prefix_path')
[3.018s] INFO:colcon.colcon_core.shell:Creating environment hook '/home/daniel/smart_cane/install/smart_cane_bringup/share/smart_cane_bringup/hook/cmake_prefix_path.ps1'
[3.018s] INFO:colcon.colcon_core.shell:Creating environment descriptor '/home/daniel/smart_cane/install/smart_cane_bringup/share/smart_cane_bringup/hook/cmake_prefix_path.dsv'
[3.018s] INFO:colcon.colcon_core.shell:Creating environment hook '/home/daniel/smart_cane/install/smart_cane_bringup/share/smart_cane_bringup/hook/cmake_prefix_path.sh'
[3.018s] Level 1:colcon.colcon_core.environment:checking '/home/daniel/smart_cane/install/smart_cane_bringup/bin'
[3.018s] Level 1:colcon.colcon_core.environment:checking '/home/daniel/smart_cane/install/smart_cane_bringup/lib/pkgconfig/smart_cane_bringup.pc'
[3.018s] Level 1:colcon.colcon_core.environment:checking '/home/daniel/smart_cane/install/smart_cane_bringup/lib/python3.8/site-packages'
[3.018s] Level 1:colcon.colcon_core.environment:checking '/home/daniel/smart_cane/install/smart_cane_bringup/bin'
[3.019s] INFO:colcon.colcon_core.shell:Creating package script '/home/daniel/smart_cane/install/smart_cane_bringup/share/smart_cane_bringup/package.ps1'
[3.019s] INFO:colcon.colcon_core.shell:Creating package descriptor '/home/daniel/smart_cane/install/smart_cane_bringup/share/smart_cane_bringup/package.dsv'
[3.019s] INFO:colcon.colcon_core.shell:Creating package script '/home/daniel/smart_cane/install/smart_cane_bringup/share/smart_cane_bringup/package.sh'
[3.019s] INFO:colcon.colcon_core.shell:Creating package script '/home/daniel/smart_cane/install/smart_cane_bringup/share/smart_cane_bringup/package.bash'
[3.019s] INFO:colcon.colcon_core.shell:Creating package script '/home/daniel/smart_cane/install/smart_cane_bringup/share/smart_cane_bringup/package.zsh'
[3.020s] Level 1:colcon.colcon_core.environment:create_file_with_runtime_dependencies(/home/daniel/smart_cane/install/smart_cane_bringup/share/colcon-core/packages/smart_cane_bringup)
[7.155s] DEBUG:colcon.colcon_core.event_handler.log_command:Invoked command in '/home/daniel/smart_cane/build/smart_cane_msgs' returned '0': CMAKE_PREFIX_PATH=/opt/ros/foxy /usr/bin/cmake /home/daniel/smart_cane/src/smart_cane_msgs -DAMENT_CMAKE_SYMLINK_INSTALL=1 -DCMAKE_INSTALL_PREFIX=/home/daniel/smart_cane/install/smart_cane_msgs
[7.157s] DEBUG:colcon.colcon_core.event_handler.log_command:Invoking command in '/home/daniel/smart_cane/build/smart_cane_msgs': CMAKE_PREFIX_PATH=/opt/ros/foxy /usr/bin/cmake --build /home/daniel/smart_cane/build/smart_cane_msgs -- -j32 -l32
[7.183s] DEBUG:colcon.colcon_core.event_handler.log_command:Invoked command in '/home/daniel/smart_cane/build/smart_cane_msgs' returned '0': CMAKE_PREFIX_PATH=/opt/ros/foxy /usr/bin/cmake --build /home/daniel/smart_cane/build/smart_cane_msgs -- -j32 -l32
[7.185s] DEBUG:colcon.colcon_core.event_handler.log_command:Invoking command in '/home/daniel/smart_cane/build/smart_cane_msgs': CMAKE_PREFIX_PATH=/opt/ros/foxy /usr/bin/cmake --install /home/daniel/smart_cane/build/smart_cane_msgs
[7.278s] Level 1:colcon.colcon_core.environment:create_environment_scripts_only(smart_cane_msgs)
[7.278s] DEBUG:colcon.colcon_core.event_handler.log_command:Invoked command in '/home/daniel/smart_cane/build/smart_cane_msgs' returned '0': CMAKE_PREFIX_PATH=/opt/ros/foxy /usr/bin/cmake --install /home/daniel/smart_cane/build/smart_cane_msgs
[7.278s] Level 1:colcon.colcon_core.environment:checking '/home/daniel/smart_cane/install/smart_cane_msgs' for CMake module files
[7.279s] Level 1:colcon.colcon_core.environment:checking '/home/daniel/smart_cane/install/smart_cane_msgs' for CMake config files
[7.280s] Level 1:colcon.colcon_core.shell:create_environment_hook('smart_cane_msgs', 'cmake_prefix_path')
[7.280s] INFO:colcon.colcon_core.shell:Creating environment hook '/home/daniel/smart_cane/install/smart_cane_msgs/share/smart_cane_msgs/hook/cmake_prefix_path.ps1'
[7.280s] INFO:colcon.colcon_core.shell:Creating environment descriptor '/home/daniel/smart_cane/install/smart_cane_msgs/share/smart_cane_msgs/hook/cmake_prefix_path.dsv'
[7.281s] INFO:colcon.colcon_core.shell:Creating environment hook '/home/daniel/smart_cane/install/smart_cane_msgs/share/smart_cane_msgs/hook/cmake_prefix_path.sh'
[7.281s] Level 1:colcon.colcon_core.environment:checking '/home/daniel/smart_cane/install/smart_cane_msgs/bin'
[7.281s] Level 1:colcon.colcon_core.environment:checking '/home/daniel/smart_cane/install/smart_cane_msgs/lib/pkgconfig/smart_cane_msgs.pc'
[7.281s] Level 1:colcon.colcon_core.environment:checking '/home/daniel/smart_cane/install/smart_cane_msgs/lib/python3.8/site-packages'
[7.281s] Level 1:colcon.colcon_core.environment:checking '/home/daniel/smart_cane/install/smart_cane_msgs/bin'
[7.281s] INFO:colcon.colcon_core.shell:Creating package script '/home/daniel/smart_cane/install/smart_cane_msgs/share/smart_cane_msgs/package.ps1'
[7.282s] INFO:colcon.colcon_core.shell:Creating package descriptor '/home/daniel/smart_cane/install/smart_cane_msgs/share/smart_cane_msgs/package.dsv'
[7.282s] INFO:colcon.colcon_core.shell:Creating package script '/home/daniel/smart_cane/install/smart_cane_msgs/share/smart_cane_msgs/package.sh'
[7.282s] INFO:colcon.colcon_core.shell:Creating package script '/home/daniel/smart_cane/install/smart_cane_msgs/share/smart_cane_msgs/package.bash'
[7.282s] INFO:colcon.colcon_core.shell:Creating package script '/home/daniel/smart_cane/install/smart_cane_msgs/share/smart_cane_msgs/package.zsh'
[7.282s] Level 1:colcon.colcon_core.environment:create_file_with_runtime_dependencies(/home/daniel/smart_cane/install/smart_cane_msgs/share/colcon-core/packages/smart_cane_msgs)
[7.283s] Level 1:colcon.colcon_core.environment:create_environment_scripts_only(smart_cane_msgs)
[7.283s] Level 1:colcon.colcon_core.environment:checking '/home/daniel/smart_cane/install/smart_cane_msgs' for CMake module files
[7.283s] Level 1:colcon.colcon_core.environment:checking '/home/daniel/smart_cane/install/smart_cane_msgs' for CMake config files
[7.283s] Level 1:colcon.colcon_core.shell:create_environment_hook('smart_cane_msgs', 'cmake_prefix_path')
[7.283s] INFO:colcon.colcon_core.shell:Creating environment hook '/home/daniel/smart_cane/install/smart_cane_msgs/share/smart_cane_msgs/hook/cmake_prefix_path.ps1'
[7.283s] INFO:colcon.colcon_core.shell:Creating environment descriptor '/home/daniel/smart_cane/install/smart_cane_msgs/share/smart_cane_msgs/hook/cmake_prefix_path.dsv'
[7.283s] INFO:colcon.colcon_core.shell:Creating environment hook '/home/daniel/smart_cane/install/smart_cane_msgs/share/smart_cane_msgs/hook/cmake_prefix_path.sh'
[7.284s] Level 1:colcon.colcon_core.environment:checking '/home/daniel/smart_cane/install/smart_cane_msgs/bin'
[7.284s] Level 1:colcon.colcon_core.environment:checking '/home/daniel/smart_cane/install/smart_cane_msgs/lib/pkgconfig/smart_cane_msgs.pc'
[7.284s] Level 1:colcon.colcon_core.environment:checking '/home/daniel/smart_cane/install/smart_cane_msgs/lib/python3.8/site-packages'
[7.284s] Level 1:colcon.colcon_core.environment:checking '/home/daniel/smart_cane/install/smart_cane_msgs/bin'
[7.284s] INFO:colcon.colcon_core.shell:Creating package script '/home/daniel/smart_cane/install/smart_cane_msgs/share/smart_cane_msgs/package.ps1'
[7.284s] INFO:colcon.colcon_core.shell:Creating package descriptor '/home/daniel/smart_cane/install/smart_cane_msgs/share/smart_cane_msgs/package.dsv'
[7.284s] INFO:colcon.colcon_core.shell:Creating package script '/home/daniel/smart_cane/install/smart_cane_msgs/share/smart_cane_msgs/package.sh'
[7.285s] INFO:colcon.colcon_core.shell:Creating package script '/home/daniel/smart_cane/install/smart_cane_msgs/share/smart_cane_msgs/package.bash'
[7.285s] INFO:colcon.colcon_core.shell:Creating package script '/home/daniel/smart_cane/install/smart_cane_msgs/share/smart_cane_msgs/package.zsh'
[7.285s] Level 1:colcon.colcon_core.environment:create_file_with_runtime_dependencies(/home/daniel/smart_cane/install/smart_cane_msgs/share/colcon-core/packages/smart_cane_msgs)
[8.297s] DEBUG:colcon.colcon_core.event_handler.log_command:Invoked command in '/home/daniel/smart_cane/build/smart_cane_slam' returned '0': CMAKE_PREFIX_PATH=/opt/ros/foxy /usr/bin/cmake /home/daniel/smart_cane/src/smart_cane_slam -DAMENT_CMAKE_SYMLINK_INSTALL=1 -DCMAKE_INSTALL_PREFIX=/home/daniel/smart_cane/install/smart_cane_slam
[8.300s] DEBUG:colcon.colcon_core.event_handler.log_command:Invoking command in '/home/daniel/smart_cane/build/smart_cane_slam': CMAKE_PREFIX_PATH=/opt/ros/foxy /usr/bin/cmake --build /home/daniel/smart_cane/build/smart_cane_slam -- -j32 -l32
[8.325s] DEBUG:colcon.colcon_core.event_handler.log_command:Invoked command in '/home/daniel/smart_cane/build/smart_cane_slam' returned '0': CMAKE_PREFIX_PATH=/opt/ros/foxy /usr/bin/cmake --build /home/daniel/smart_cane/build/smart_cane_slam -- -j32 -l32
[8.327s] DEBUG:colcon.colcon_core.event_handler.log_command:Invoking command in '/home/daniel/smart_cane/build/smart_cane_slam': CMAKE_PREFIX_PATH=/opt/ros/foxy /usr/bin/cmake --install /home/daniel/smart_cane/build/smart_cane_slam
[8.421s] Level 1:colcon.colcon_core.environment:create_environment_scripts_only(smart_cane_slam)
[8.421s] DEBUG:colcon.colcon_core.event_handler.log_command:Invoked command in '/home/daniel/smart_cane/build/smart_cane_slam' returned '0': CMAKE_PREFIX_PATH=/opt/ros/foxy /usr/bin/cmake --install /home/daniel/smart_cane/build/smart_cane_slam
[8.422s] Level 1:colcon.colcon_core.environment:checking '/home/daniel/smart_cane/install/smart_cane_slam' for CMake module files
[8.422s] Level 1:colcon.colcon_core.environment:checking '/home/daniel/smart_cane/install/smart_cane_slam' for CMake config files
[8.422s] Level 1:colcon.colcon_core.shell:create_environment_hook('smart_cane_slam', 'cmake_prefix_path')
[8.422s] INFO:colcon.colcon_core.shell:Creating environment hook '/home/daniel/smart_cane/install/smart_cane_slam/share/smart_cane_slam/hook/cmake_prefix_path.ps1'
[8.423s] INFO:colcon.colcon_core.shell:Creating environment descriptor '/home/daniel/smart_cane/install/smart_cane_slam/share/smart_cane_slam/hook/cmake_prefix_path.dsv'
[8.423s] INFO:colcon.colcon_core.shell:Creating environment hook '/home/daniel/smart_cane/install/smart_cane_slam/share/smart_cane_slam/hook/cmake_prefix_path.sh'
[8.423s] Level 1:colcon.colcon_core.environment:checking '/home/daniel/smart_cane/install/smart_cane_slam/bin'
[8.423s] Level 1:colcon.colcon_core.environment:checking '/home/daniel/smart_cane/install/smart_cane_slam/lib/pkgconfig/smart_cane_slam.pc'
[8.423s] Level 1:colcon.colcon_core.environment:checking '/home/daniel/smart_cane/install/smart_cane_slam/lib/python3.8/site-packages'
[8.423s] Level 1:colcon.colcon_core.environment:checking '/home/daniel/smart_cane/install/smart_cane_slam/bin'
[8.424s] INFO:colcon.colcon_core.shell:Creating package script '/home/daniel/smart_cane/install/smart_cane_slam/share/smart_cane_slam/package.ps1'
[8.424s] INFO:colcon.colcon_core.shell:Creating package descriptor '/home/daniel/smart_cane/install/smart_cane_slam/share/smart_cane_slam/package.dsv'
[8.424s] INFO:colcon.colcon_core.shell:Creating package script '/home/daniel/smart_cane/install/smart_cane_slam/share/smart_cane_slam/package.sh'
[8.424s] INFO:colcon.colcon_core.shell:Creating package script '/home/daniel/smart_cane/install/smart_cane_slam/share/smart_cane_slam/package.bash'
[8.424s] INFO:colcon.colcon_core.shell:Creating package script '/home/daniel/smart_cane/install/smart_cane_slam/share/smart_cane_slam/package.zsh'
[8.424s] Level 1:colcon.colcon_core.environment:create_file_with_runtime_dependencies(/home/daniel/smart_cane/install/smart_cane_slam/share/colcon-core/packages/smart_cane_slam)
[8.425s] Level 1:colcon.colcon_core.environment:create_environment_scripts_only(smart_cane_slam)
[8.425s] Level 1:colcon.colcon_core.environment:checking '/home/daniel/smart_cane/install/smart_cane_slam' for CMake module files
[8.425s] Level 1:colcon.colcon_core.environment:checking '/home/daniel/smart_cane/install/smart_cane_slam' for CMake config files
[8.425s] Level 1:colcon.colcon_core.shell:create_environment_hook('smart_cane_slam', 'cmake_prefix_path')
[8.425s] INFO:colcon.colcon_core.shell:Creating environment hook '/home/daniel/smart_cane/install/smart_cane_slam/share/smart_cane_slam/hook/cmake_prefix_path.ps1'
[8.426s] INFO:colcon.colcon_core.shell:Creating environment descriptor '/home/daniel/smart_cane/install/smart_cane_slam/share/smart_cane_slam/hook/cmake_prefix_path.dsv'
[8.426s] INFO:colcon.colcon_core.shell:Creating environment hook '/home/daniel/smart_cane/install/smart_cane_slam/share/smart_cane_slam/hook/cmake_prefix_path.sh'
[8.426s] Level 1:colcon.colcon_core.environment:checking '/home/daniel/smart_cane/install/smart_cane_slam/bin'
[8.426s] Level 1:colcon.colcon_core.environment:checking '/home/daniel/smart_cane/install/smart_cane_slam/lib/pkgconfig/smart_cane_slam.pc'
[8.426s] Level 1:colcon.colcon_core.environment:checking '/home/daniel/smart_cane/install/smart_cane_slam/lib/python3.8/site-packages'
[8.426s] Level 1:colcon.colcon_core.environment:checking '/home/daniel/smart_cane/install/smart_cane_slam/bin'
[8.426s] INFO:colcon.colcon_core.shell:Creating package script '/home/daniel/smart_cane/install/smart_cane_slam/share/smart_cane_slam/package.ps1'
[8.427s] INFO:colcon.colcon_core.shell:Creating package descriptor '/home/daniel/smart_cane/install/smart_cane_slam/share/smart_cane_slam/package.dsv'
[8.427s] INFO:colcon.colcon_core.shell:Creating package script '/home/daniel/smart_cane/install/smart_cane_slam/share/smart_cane_slam/package.sh'
[8.427s] INFO:colcon.colcon_core.shell:Creating package script '/home/daniel/smart_cane/install/smart_cane_slam/share/smart_cane_slam/package.bash'
[8.427s] INFO:colcon.colcon_core.shell:Creating package script '/home/daniel/smart_cane/install/smart_cane_slam/share/smart_cane_slam/package.zsh'
[8.427s] Level 1:colcon.colcon_core.environment:create_file_with_runtime_dependencies(/home/daniel/smart_cane/install/smart_cane_slam/share/colcon-core/packages/smart_cane_slam)
[8.428s] DEBUG:colcon.colcon_parallel_executor.executor.parallel:closing loop
[8.428s] DEBUG:colcon.colcon_parallel_executor.executor.parallel:loop closed
[8.428s] DEBUG:colcon.colcon_parallel_executor.executor.parallel:run_until_complete finished with '0'
[8.428s] DEBUG:colcon.colcon_core.event_reactor:joining thread
[8.491s] INFO:colcon.colcon_core.plugin_system:Skipping extension 'colcon_notification.desktop_notification.notify_send': Could not find 'notify-send'
[8.492s] INFO:colcon.colcon_core.plugin_system:Skipping extension 'colcon_notification.desktop_notification.terminal_notifier': Not used on non-Darwin systems
[8.492s] INFO:colcon.colcon_core.plugin_system:Skipping extension 'colcon_notification.desktop_notification.win32': Not used on non-Windows systems
[8.492s] INFO:colcon.colcon_notification.desktop_notification:Sending desktop notification using 'notify2'
[8.545s] DEBUG:colcon.colcon_notification.desktop_notification.notify2:Failed to initialize notify2: org.freedesktop.DBus.Error.ServiceUnknown: The name org.freedesktop.Notifications was not provided by any .service files
[8.545s] DEBUG:colcon.colcon_core.event_reactor:joined thread
[8.545s] INFO:colcon.colcon_core.shell:Creating prefix script '/home/daniel/smart_cane/install/local_setup.ps1'
[8.546s] INFO:colcon.colcon_core.shell:Creating prefix util module '/home/daniel/smart_cane/install/_local_setup_util_ps1.py'
[8.547s] INFO:colcon.colcon_core.shell:Creating prefix chain script '/home/daniel/smart_cane/install/setup.ps1'
[8.548s] INFO:colcon.colcon_core.shell:Creating prefix script '/home/daniel/smart_cane/install/local_setup.sh'
[8.549s] INFO:colcon.colcon_core.shell:Creating prefix util module '/home/daniel/smart_cane/install/_local_setup_util_sh.py'
[8.550s] INFO:colcon.colcon_core.shell:Creating prefix chain script '/home/daniel/smart_cane/install/setup.sh'
[8.550s] INFO:colcon.colcon_core.shell:Creating prefix script '/home/daniel/smart_cane/install/local_setup.bash'
[8.551s] INFO:colcon.colcon_core.shell:Creating prefix chain script '/home/daniel/smart_cane/install/setup.bash'
[8.552s] INFO:colcon.colcon_core.shell:Creating prefix script '/home/daniel/smart_cane/install/local_setup.zsh'
[8.553s] INFO:colcon.colcon_core.shell:Creating prefix chain script '/home/daniel/smart_cane/install/setup.zsh'
