[0.828s] Invoking command in '/home/daniel/smart_cane/build/smart_cane_perception': PYTHONPATH=/home/daniel/smart_cane/build/smart_cane_perception/prefix_override:/usr/lib/python3/dist-packages/colcon_core/task/python/colcon_distutils_commands:/home/daniel/smart_cane/install/smart_cane_perception/lib/python3.8/site-packages:${PYTHONPATH} /usr/bin/python3 -W ignore:setup.py install is deprecated -W ignore:easy_install command is deprecated setup.py develop --editable --build-directory /home/daniel/smart_cane/build/smart_cane_perception/build --no-deps symlink_data
[0.986s] running develop
[1.051s] running egg_info
[1.051s] creating smart_cane_perception.egg-info
[1.051s] writing smart_cane_perception.egg-info/PKG-INFO
[1.051s] writing dependency_links to smart_cane_perception.egg-info/dependency_links.txt
[1.051s] writing entry points to smart_cane_perception.egg-info/entry_points.txt
[1.052s] writing requirements to smart_cane_perception.egg-info/requires.txt
[1.052s] writing top-level names to smart_cane_perception.egg-info/top_level.txt
[1.055s] writing manifest file 'smart_cane_perception.egg-info/SOURCES.txt'
[1.074s] reading manifest file 'smart_cane_perception.egg-info/SOURCES.txt'
[1.075s] writing manifest file 'smart_cane_perception.egg-info/SOURCES.txt'
[1.097s] running build_ext
[1.098s] Creating /home/daniel/smart_cane/install/smart_cane_perception/lib/python3.8/site-packages/site.py
[1.099s] Creating /home/daniel/smart_cane/install/smart_cane_perception/lib/python3.8/site-packages/smart-cane-perception.egg-link (link to .)
[1.100s] 
[1.100s] Installed /home/daniel/smart_cane/build/smart_cane_perception
[1.100s] running symlink_data
[1.101s] creating /home/daniel/smart_cane/install/smart_cane_perception/share/ament_index
[1.101s] creating /home/daniel/smart_cane/install/smart_cane_perception/share/ament_index/resource_index
[1.101s] creating /home/daniel/smart_cane/install/smart_cane_perception/share/ament_index/resource_index/packages
[1.101s] symbolically linking /home/daniel/smart_cane/build/smart_cane_perception/resource/smart_cane_perception -> /home/daniel/smart_cane/install/smart_cane_perception/share/ament_index/resource_index/packages
[1.101s] symbolically linking /home/daniel/smart_cane/build/smart_cane_perception/package.xml -> /home/daniel/smart_cane/install/smart_cane_perception/share/smart_cane_perception
[1.145s] Invoked command in '/home/daniel/smart_cane/build/smart_cane_perception' returned '0': PYTHONPATH=/home/daniel/smart_cane/build/smart_cane_perception/prefix_override:/usr/lib/python3/dist-packages/colcon_core/task/python/colcon_distutils_commands:/home/daniel/smart_cane/install/smart_cane_perception/lib/python3.8/site-packages:${PYTHONPATH} /usr/bin/python3 -W ignore:setup.py install is deprecated -W ignore:easy_install command is deprecated setup.py develop --editable --build-directory /home/daniel/smart_cane/build/smart_cane_perception/build --no-deps symlink_data
