-- The C compiler identification is GNU 9.4.0
-- The CXX compiler identification is GNU 9.4.0
-- Check for working C compiler: /usr/bin/cc
-- Check for working C compiler: /usr/bin/cc -- works
-- Detecting C compiler ABI info
-- Detecting C compiler ABI info - done
-- Detecting C compile features
-- Detecting C compile features - done
-- Check for working CXX compiler: /usr/bin/c++
-- Check for working CXX compiler: /usr/bin/c++ -- works
-- Detecting CXX compiler ABI info
-- Detecting CXX compiler ABI info - done
-- Detecting CXX compile features
-- Detecting CXX compile features - done
-- Found ament_cmake: 0.9.12 (/opt/ros/foxy/share/ament_cmake/cmake)
-- Found PythonInterp: /usr/bin/python3 (found suitable version "3.8.10", minimum required is "3") 
-- Using PYTHON_EXECUTABLE: /usr/bin/python3
-- Override CMake install command with custom implementation using symlinks instead of copying resources
-- Found std_msgs: 2.0.5 (/opt/ros/foxy/share/std_msgs/cmake)
-- Using all available rosidl_typesupport_c: rosidl_typesupport_fastrtps_c;rosidl_typesupport_introspection_c
-- Found rosidl_adapter: 1.3.1 (/opt/ros/foxy/share/rosidl_adapter/cmake)
-- Found OpenSSL: /usr/lib/x86_64-linux-gnu/libcrypto.so (found version "1.1.1f")  
-- Found FastRTPS: /opt/ros/foxy/include  
-- Using all available rosidl_typesupport_cpp: rosidl_typesupport_fastrtps_cpp;rosidl_typesupport_introspection_cpp
-- Found geometry_msgs: 2.0.5 (/opt/ros/foxy/share/geometry_msgs/cmake)
-- Found nav_msgs: 2.0.5 (/opt/ros/foxy/share/nav_msgs/cmake)
-- Found ament_lint_auto: 0.9.8 (/opt/ros/foxy/share/ament_lint_auto/cmake)
-- Added test 'copyright' to check source files copyright and LICENSE
-- Added test 'lint_cmake' to check CMake code style
-- Added test 'xmllint' to check XML markup files
-- Configuring done
-- Generating done
-- Build files have been written to: /home/daniel/smart_cane/build/smart_cane_msgs
-- Install configuration: ""
-- Execute custom install script
-- Symlinking: /home/daniel/smart_cane/install/smart_cane_msgs/share/ament_index/resource_index/package_run_dependencies/smart_cane_msgs
-- Symlinking: /home/daniel/smart_cane/install/smart_cane_msgs/share/ament_index/resource_index/parent_prefix_path/smart_cane_msgs
-- Symlinking: /home/daniel/smart_cane/install/smart_cane_msgs/share/smart_cane_msgs/environment/ament_prefix_path.sh
-- Symlinking: /home/daniel/smart_cane/install/smart_cane_msgs/share/smart_cane_msgs/environment/ament_prefix_path.dsv
-- Symlinking: /home/daniel/smart_cane/install/smart_cane_msgs/share/smart_cane_msgs/environment/path.sh
-- Symlinking: /home/daniel/smart_cane/install/smart_cane_msgs/share/smart_cane_msgs/environment/path.dsv
-- Symlinking: /home/daniel/smart_cane/install/smart_cane_msgs/share/smart_cane_msgs/local_setup.bash
-- Symlinking: /home/daniel/smart_cane/install/smart_cane_msgs/share/smart_cane_msgs/local_setup.sh
-- Symlinking: /home/daniel/smart_cane/install/smart_cane_msgs/share/smart_cane_msgs/local_setup.zsh
-- Symlinking: /home/daniel/smart_cane/install/smart_cane_msgs/share/smart_cane_msgs/local_setup.dsv
-- Symlinking: /home/daniel/smart_cane/install/smart_cane_msgs/share/smart_cane_msgs/package.dsv
-- Symlinking: /home/daniel/smart_cane/install/smart_cane_msgs/share/ament_index/resource_index/packages/smart_cane_msgs
-- Symlinking: /home/daniel/smart_cane/install/smart_cane_msgs/share/smart_cane_msgs/cmake/smart_cane_msgsConfig.cmake
-- Symlinking: /home/daniel/smart_cane/install/smart_cane_msgs/share/smart_cane_msgs/cmake/smart_cane_msgsConfig-version.cmake
-- Symlinking: /home/daniel/smart_cane/install/smart_cane_msgs/share/smart_cane_msgs/package.xml
