[0.163s] Invoking command in '/home/daniel/smart_cane/build/smart_cane_msgs': CMAKE_PREFIX_PATH=/opt/ros/foxy /usr/bin/cmake /home/daniel/smart_cane/src/smart_cane_msgs -DAMENT_CMAKE_SYMLINK_INSTALL=1 -DCMAKE_INSTALL_PREFIX=/home/daniel/smart_cane/install/smart_cane_msgs
[0.488s] -- The C compiler identification is GNU 9.4.0
[0.877s] -- The CXX compiler identification is GNU 9.4.0
[1.026s] -- Check for working C compiler: /usr/bin/cc
[1.183s] -- Check for working C compiler: /usr/bin/cc -- works
[1.184s] -- Detecting C compiler ABI info
[1.307s] -- Detecting C compiler ABI info - done
[1.313s] -- Detecting C compile features
[1.314s] -- Detecting C compile features - done
[1.318s] -- Check for working CXX compiler: /usr/bin/c++
[1.511s] -- Check for working CXX compiler: /usr/bin/c++ -- works
[1.511s] -- Detecting CXX compiler ABI info
[1.758s] -- Detecting CXX compiler ABI info - done
[1.763s] -- Detecting CXX compile features
[1.763s] -- Detecting CXX compile features - done
[1.786s] -- Found ament_cmake: 0.9.12 (/opt/ros/foxy/share/ament_cmake/cmake)
[1.807s] -- Found PythonInterp: /usr/bin/python3 (found suitable version "3.8.10", minimum required is "3") 
[1.807s] -- Using PYTHON_EXECUTABLE: /usr/bin/python3
[1.914s] -- Override CMake install command with custom implementation using symlinks instead of copying resources
[1.963s] -- Found std_msgs: 2.0.5 (/opt/ros/foxy/share/std_msgs/cmake)
[2.214s] -- Using all available rosidl_typesupport_c: rosidl_typesupport_fastrtps_c;rosidl_typesupport_introspection_c
[2.225s] -- Found rosidl_adapter: 1.3.1 (/opt/ros/foxy/share/rosidl_adapter/cmake)
[2.952s] -- Found OpenSSL: /usr/lib/x86_64-linux-gnu/libcrypto.so (found version "1.1.1f")  
[3.894s] -- Found FastRTPS: /opt/ros/foxy/include  
[6.104s] -- Using all available rosidl_typesupport_cpp: rosidl_typesupport_fastrtps_cpp;rosidl_typesupport_introspection_cpp
[6.163s] -- Found geometry_msgs: 2.0.5 (/opt/ros/foxy/share/geometry_msgs/cmake)
[6.198s] -- Found nav_msgs: 2.0.5 (/opt/ros/foxy/share/nav_msgs/cmake)
[6.253s] -- Found ament_lint_auto: 0.9.8 (/opt/ros/foxy/share/ament_lint_auto/cmake)
[6.298s] -- Added test 'copyright' to check source files copyright and LICENSE
[6.299s] -- Added test 'lint_cmake' to check CMake code style
[6.300s] -- Added test 'xmllint' to check XML markup files
[6.305s] -- Configuring done
[6.307s] -- Generating done
[6.308s] -- Build files have been written to: /home/daniel/smart_cane/build/smart_cane_msgs
[6.313s] Invoked command in '/home/daniel/smart_cane/build/smart_cane_msgs' returned '0': CMAKE_PREFIX_PATH=/opt/ros/foxy /usr/bin/cmake /home/daniel/smart_cane/src/smart_cane_msgs -DAMENT_CMAKE_SYMLINK_INSTALL=1 -DCMAKE_INSTALL_PREFIX=/home/daniel/smart_cane/install/smart_cane_msgs
[6.315s] Invoking command in '/home/daniel/smart_cane/build/smart_cane_msgs': CMAKE_PREFIX_PATH=/opt/ros/foxy /usr/bin/cmake --build /home/daniel/smart_cane/build/smart_cane_msgs -- -j32 -l32
[6.340s] Invoked command in '/home/daniel/smart_cane/build/smart_cane_msgs' returned '0': CMAKE_PREFIX_PATH=/opt/ros/foxy /usr/bin/cmake --build /home/daniel/smart_cane/build/smart_cane_msgs -- -j32 -l32
[6.342s] Invoking command in '/home/daniel/smart_cane/build/smart_cane_msgs': CMAKE_PREFIX_PATH=/opt/ros/foxy /usr/bin/cmake --install /home/daniel/smart_cane/build/smart_cane_msgs
[6.347s] -- Install configuration: ""
[6.347s] -- Execute custom install script
[6.348s] -- Symlinking: /home/daniel/smart_cane/install/smart_cane_msgs/share/ament_index/resource_index/package_run_dependencies/smart_cane_msgs
[6.354s] -- Symlinking: /home/daniel/smart_cane/install/smart_cane_msgs/share/ament_index/resource_index/parent_prefix_path/smart_cane_msgs
[6.360s] -- Symlinking: /home/daniel/smart_cane/install/smart_cane_msgs/share/smart_cane_msgs/environment/ament_prefix_path.sh
[6.365s] -- Symlinking: /home/daniel/smart_cane/install/smart_cane_msgs/share/smart_cane_msgs/environment/ament_prefix_path.dsv
[6.372s] -- Symlinking: /home/daniel/smart_cane/install/smart_cane_msgs/share/smart_cane_msgs/environment/path.sh
[6.377s] -- Symlinking: /home/daniel/smart_cane/install/smart_cane_msgs/share/smart_cane_msgs/environment/path.dsv
[6.382s] -- Symlinking: /home/daniel/smart_cane/install/smart_cane_msgs/share/smart_cane_msgs/local_setup.bash
[6.389s] -- Symlinking: /home/daniel/smart_cane/install/smart_cane_msgs/share/smart_cane_msgs/local_setup.sh
[6.395s] -- Symlinking: /home/daniel/smart_cane/install/smart_cane_msgs/share/smart_cane_msgs/local_setup.zsh
[6.402s] -- Symlinking: /home/daniel/smart_cane/install/smart_cane_msgs/share/smart_cane_msgs/local_setup.dsv
[6.407s] -- Symlinking: /home/daniel/smart_cane/install/smart_cane_msgs/share/smart_cane_msgs/package.dsv
[6.413s] -- Symlinking: /home/daniel/smart_cane/install/smart_cane_msgs/share/ament_index/resource_index/packages/smart_cane_msgs
[6.418s] -- Symlinking: /home/daniel/smart_cane/install/smart_cane_msgs/share/smart_cane_msgs/cmake/smart_cane_msgsConfig.cmake
[6.424s] -- Symlinking: /home/daniel/smart_cane/install/smart_cane_msgs/share/smart_cane_msgs/cmake/smart_cane_msgsConfig-version.cmake
[6.429s] -- Symlinking: /home/daniel/smart_cane/install/smart_cane_msgs/share/smart_cane_msgs/package.xml
[6.436s] Invoked command in '/home/daniel/smart_cane/build/smart_cane_msgs' returned '0': CMAKE_PREFIX_PATH=/opt/ros/foxy /usr/bin/cmake --install /home/daniel/smart_cane/build/smart_cane_msgs
