[0.394s] Invoking command in '/home/daniel/smart_cane/build/smart_cane_sim': CMAKE_PREFIX_PATH=/opt/ros/foxy /usr/bin/cmake /home/daniel/smart_cane/src/smart_cane_sim -DAMENT_CMAKE_SYMLINK_INSTALL=1 -DCMAKE_INSTALL_PREFIX=/home/daniel/smart_cane/install/smart_cane_sim
[0.580s] -- The C compiler identification is GNU 9.4.0
[0.894s] -- The CXX compiler identification is GNU 9.4.0
[1.077s] -- Check for working C compiler: /usr/bin/cc
[1.268s] -- Check for working C compiler: /usr/bin/cc -- works
[1.268s] -- Detecting C compiler ABI info
[1.461s] -- Detecting C compiler ABI info - done
[1.467s] -- Detecting C compile features
[1.467s] -- Detecting C compile features - done
[1.469s] -- Check for working CXX compiler: /usr/bin/c++
[1.649s] -- Check for working CXX compiler: /usr/bin/c++ -- works
[1.650s] -- Detecting CXX compiler ABI info
[1.808s] -- Detecting CXX compiler ABI info - done
[1.814s] -- Detecting CXX compile features
[1.814s] -- Detecting CXX compile features - done
[1.815s] -- Found ament_cmake: 0.9.12 (/opt/ros/foxy/share/ament_cmake/cmake)
[1.829s] -- Found PythonInterp: /usr/bin/python3 (found suitable version "3.8.10", minimum required is "3") 
[1.829s] -- Using PYTHON_EXECUTABLE: /usr/bin/python3
[1.917s] -- Override CMake install command with custom implementation using symlinks instead of copying resources
[1.951s] -- Found ament_lint_auto: 0.9.8 (/opt/ros/foxy/share/ament_lint_auto/cmake)
[2.020s] -- Added test 'copyright' to check source files copyright and LICENSE
[2.024s] -- Added test 'lint_cmake' to check CMake code style
[2.026s] -- Added test 'xmllint' to check XML markup files
[2.030s] -- Configuring done
[2.033s] -- Generating done
[2.033s] -- Build files have been written to: /home/daniel/smart_cane/build/smart_cane_sim
[2.039s] Invoked command in '/home/daniel/smart_cane/build/smart_cane_sim' returned '0': CMAKE_PREFIX_PATH=/opt/ros/foxy /usr/bin/cmake /home/daniel/smart_cane/src/smart_cane_sim -DAMENT_CMAKE_SYMLINK_INSTALL=1 -DCMAKE_INSTALL_PREFIX=/home/daniel/smart_cane/install/smart_cane_sim
[2.041s] Invoking command in '/home/daniel/smart_cane/build/smart_cane_sim': CMAKE_PREFIX_PATH=/opt/ros/foxy /usr/bin/cmake --build /home/daniel/smart_cane/build/smart_cane_sim -- -j32 -l32
[2.069s] Invoked command in '/home/daniel/smart_cane/build/smart_cane_sim' returned '0': CMAKE_PREFIX_PATH=/opt/ros/foxy /usr/bin/cmake --build /home/daniel/smart_cane/build/smart_cane_sim -- -j32 -l32
[2.071s] Invoking command in '/home/daniel/smart_cane/build/smart_cane_sim': CMAKE_PREFIX_PATH=/opt/ros/foxy /usr/bin/cmake --install /home/daniel/smart_cane/build/smart_cane_sim
[2.075s] -- Install configuration: ""
[2.075s] -- Execute custom install script
[2.076s] -- Symlinking: /home/daniel/smart_cane/install/smart_cane_sim/share/ament_index/resource_index/package_run_dependencies/smart_cane_sim
[2.081s] -- Symlinking: /home/daniel/smart_cane/install/smart_cane_sim/share/ament_index/resource_index/parent_prefix_path/smart_cane_sim
[2.086s] -- Symlinking: /home/daniel/smart_cane/install/smart_cane_sim/share/smart_cane_sim/environment/ament_prefix_path.sh
[2.092s] -- Symlinking: /home/daniel/smart_cane/install/smart_cane_sim/share/smart_cane_sim/environment/ament_prefix_path.dsv
[2.097s] -- Symlinking: /home/daniel/smart_cane/install/smart_cane_sim/share/smart_cane_sim/environment/path.sh
[2.102s] -- Symlinking: /home/daniel/smart_cane/install/smart_cane_sim/share/smart_cane_sim/environment/path.dsv
[2.107s] -- Symlinking: /home/daniel/smart_cane/install/smart_cane_sim/share/smart_cane_sim/local_setup.bash
[2.112s] -- Symlinking: /home/daniel/smart_cane/install/smart_cane_sim/share/smart_cane_sim/local_setup.sh
[2.117s] -- Symlinking: /home/daniel/smart_cane/install/smart_cane_sim/share/smart_cane_sim/local_setup.zsh
[2.122s] -- Symlinking: /home/daniel/smart_cane/install/smart_cane_sim/share/smart_cane_sim/local_setup.dsv
[2.127s] -- Symlinking: /home/daniel/smart_cane/install/smart_cane_sim/share/smart_cane_sim/package.dsv
[2.132s] -- Symlinking: /home/daniel/smart_cane/install/smart_cane_sim/share/ament_index/resource_index/packages/smart_cane_sim
[2.137s] -- Symlinking: /home/daniel/smart_cane/install/smart_cane_sim/share/smart_cane_sim/cmake/smart_cane_simConfig.cmake
[2.142s] -- Symlinking: /home/daniel/smart_cane/install/smart_cane_sim/share/smart_cane_sim/cmake/smart_cane_simConfig-version.cmake
[2.147s] -- Symlinking: /home/daniel/smart_cane/install/smart_cane_sim/share/smart_cane_sim/package.xml
[2.153s] Invoked command in '/home/daniel/smart_cane/build/smart_cane_sim' returned '0': CMAKE_PREFIX_PATH=/opt/ros/foxy /usr/bin/cmake --install /home/daniel/smart_cane/build/smart_cane_sim
