[0.841s] Invoking command in '/home/daniel/smart_cane/build/smart_cane_landmarks': PYTHONPATH=/home/daniel/smart_cane/build/smart_cane_landmarks/prefix_override:/usr/lib/python3/dist-packages/colcon_core/task/python/colcon_distutils_commands:/home/daniel/smart_cane/install/smart_cane_landmarks/lib/python3.8/site-packages:${PYTHONPATH} /usr/bin/python3 -W ignore:setup.py install is deprecated -W ignore:easy_install command is deprecated setup.py develop --editable --build-directory /home/daniel/smart_cane/build/smart_cane_landmarks/build --no-deps symlink_data
[1.000s] running develop
[1.064s] running egg_info
[1.064s] creating smart_cane_landmarks.egg-info
[1.067s] writing smart_cane_landmarks.egg-info/PKG-INFO
[1.067s] writing dependency_links to smart_cane_landmarks.egg-info/dependency_links.txt
[1.068s] writing entry points to smart_cane_landmarks.egg-info/entry_points.txt
[1.068s] writing requirements to smart_cane_landmarks.egg-info/requires.txt
[1.068s] writing top-level names to smart_cane_landmarks.egg-info/top_level.txt
[1.071s] writing manifest file 'smart_cane_landmarks.egg-info/SOURCES.txt'
[1.090s] reading manifest file 'smart_cane_landmarks.egg-info/SOURCES.txt'
[1.090s] writing manifest file 'smart_cane_landmarks.egg-info/SOURCES.txt'
[1.113s] running build_ext
[1.114s] Creating /home/daniel/smart_cane/install/smart_cane_landmarks/lib/python3.8/site-packages/site.py
[1.114s] Creating /home/daniel/smart_cane/install/smart_cane_landmarks/lib/python3.8/site-packages/smart-cane-landmarks.egg-link (link to .)
[1.115s] 
[1.115s] Installed /home/daniel/smart_cane/build/smart_cane_landmarks
[1.115s] running symlink_data
[1.115s] creating /home/daniel/smart_cane/install/smart_cane_landmarks/share/ament_index
[1.116s] creating /home/daniel/smart_cane/install/smart_cane_landmarks/share/ament_index/resource_index
[1.116s] creating /home/daniel/smart_cane/install/smart_cane_landmarks/share/ament_index/resource_index/packages
[1.116s] symbolically linking /home/daniel/smart_cane/build/smart_cane_landmarks/resource/smart_cane_landmarks -> /home/daniel/smart_cane/install/smart_cane_landmarks/share/ament_index/resource_index/packages
[1.116s] symbolically linking /home/daniel/smart_cane/build/smart_cane_landmarks/package.xml -> /home/daniel/smart_cane/install/smart_cane_landmarks/share/smart_cane_landmarks
[1.134s] Invoked command in '/home/daniel/smart_cane/build/smart_cane_landmarks' returned '0': PYTHONPATH=/home/daniel/smart_cane/build/smart_cane_landmarks/prefix_override:/usr/lib/python3/dist-packages/colcon_core/task/python/colcon_distutils_commands:/home/daniel/smart_cane/install/smart_cane_landmarks/lib/python3.8/site-packages:${PYTHONPATH} /usr/bin/python3 -W ignore:setup.py install is deprecated -W ignore:easy_install command is deprecated setup.py develop --editable --build-directory /home/daniel/smart_cane/build/smart_cane_landmarks/build --no-deps symlink_data
