running develop
running egg_info
creating smart_cane_nav.egg-info
writing smart_cane_nav.egg-info/PKG-INFO
writing dependency_links to smart_cane_nav.egg-info/dependency_links.txt
writing entry points to smart_cane_nav.egg-info/entry_points.txt
writing requirements to smart_cane_nav.egg-info/requires.txt
writing top-level names to smart_cane_nav.egg-info/top_level.txt
writing manifest file 'smart_cane_nav.egg-info/SOURCES.txt'
reading manifest file 'smart_cane_nav.egg-info/SOURCES.txt'
writing manifest file 'smart_cane_nav.egg-info/SOURCES.txt'
running build_ext
Creating /home/daniel/smart_cane/install/smart_cane_nav/lib/python3.8/site-packages/site.py
Creating /home/daniel/smart_cane/install/smart_cane_nav/lib/python3.8/site-packages/smart-cane-nav.egg-link (link to .)

Installed /home/daniel/smart_cane/build/smart_cane_nav
running symlink_data
creating /home/daniel/smart_cane/install/smart_cane_nav/share/ament_index
creating /home/daniel/smart_cane/install/smart_cane_nav/share/ament_index/resource_index
creating /home/daniel/smart_cane/install/smart_cane_nav/share/ament_index/resource_index/packages
symbolically linking /home/daniel/smart_cane/build/smart_cane_nav/resource/smart_cane_nav -> /home/daniel/smart_cane/install/smart_cane_nav/share/ament_index/resource_index/packages
symbolically linking /home/daniel/smart_cane/build/smart_cane_nav/package.xml -> /home/daniel/smart_cane/install/smart_cane_nav/share/smart_cane_nav
