[0.835s] Invoking command in '/home/daniel/smart_cane/build/smart_cane_nav': PYTHONPATH=/home/daniel/smart_cane/build/smart_cane_nav/prefix_override:/usr/lib/python3/dist-packages/colcon_core/task/python/colcon_distutils_commands:/home/daniel/smart_cane/install/smart_cane_nav/lib/python3.8/site-packages:${PYTHONPATH} /usr/bin/python3 -W ignore:setup.py install is deprecated -W ignore:easy_install command is deprecated setup.py develop --editable --build-directory /home/daniel/smart_cane/build/smart_cane_nav/build --no-deps symlink_data
[0.994s] running develop
[1.061s] running egg_info
[1.061s] creating smart_cane_nav.egg-info
[1.061s] writing smart_cane_nav.egg-info/PKG-INFO
[1.061s] writing dependency_links to smart_cane_nav.egg-info/dependency_links.txt
[1.061s] writing entry points to smart_cane_nav.egg-info/entry_points.txt
[1.061s] writing requirements to smart_cane_nav.egg-info/requires.txt
[1.061s] writing top-level names to smart_cane_nav.egg-info/top_level.txt
[1.062s] writing manifest file 'smart_cane_nav.egg-info/SOURCES.txt'
[1.083s] reading manifest file 'smart_cane_nav.egg-info/SOURCES.txt'
[1.083s] writing manifest file 'smart_cane_nav.egg-info/SOURCES.txt'
[1.106s] running build_ext
[1.106s] Creating /home/daniel/smart_cane/install/smart_cane_nav/lib/python3.8/site-packages/site.py
[1.107s] Creating /home/daniel/smart_cane/install/smart_cane_nav/lib/python3.8/site-packages/smart-cane-nav.egg-link (link to .)
[1.108s] 
[1.108s] Installed /home/daniel/smart_cane/build/smart_cane_nav
[1.108s] running symlink_data
[1.108s] creating /home/daniel/smart_cane/install/smart_cane_nav/share/ament_index
[1.108s] creating /home/daniel/smart_cane/install/smart_cane_nav/share/ament_index/resource_index
[1.109s] creating /home/daniel/smart_cane/install/smart_cane_nav/share/ament_index/resource_index/packages
[1.109s] symbolically linking /home/daniel/smart_cane/build/smart_cane_nav/resource/smart_cane_nav -> /home/daniel/smart_cane/install/smart_cane_nav/share/ament_index/resource_index/packages
[1.109s] symbolically linking /home/daniel/smart_cane/build/smart_cane_nav/package.xml -> /home/daniel/smart_cane/install/smart_cane_nav/share/smart_cane_nav
[1.145s] Invoked command in '/home/daniel/smart_cane/build/smart_cane_nav' returned '0': PYTHONPATH=/home/daniel/smart_cane/build/smart_cane_nav/prefix_override:/usr/lib/python3/dist-packages/colcon_core/task/python/colcon_distutils_commands:/home/daniel/smart_cane/install/smart_cane_nav/lib/python3.8/site-packages:${PYTHONPATH} /usr/bin/python3 -W ignore:setup.py install is deprecated -W ignore:easy_install command is deprecated setup.py develop --editable --build-directory /home/daniel/smart_cane/build/smart_cane_nav/build --no-deps symlink_data
