[0.394s] Invoking command in '/home/daniel/smart_cane/build/smart_cane_slam': CMAKE_PREFIX_PATH=/opt/ros/foxy /usr/bin/cmake /home/daniel/smart_cane/src/smart_cane_slam -DAMENT_CMAKE_SYMLINK_INSTALL=1 -DCMAKE_INSTALL_PREFIX=/home/daniel/smart_cane/install/smart_cane_slam
[0.582s] -- The C compiler identification is GNU 9.4.0
[0.930s] -- The CXX compiler identification is GNU 9.4.0
[1.111s] -- Check for working C compiler: /usr/bin/cc
[1.298s] -- Check for working C compiler: /usr/bin/cc -- works
[1.299s] -- Detecting C compiler ABI info
[1.459s] -- Detecting C compiler ABI info - done
[1.464s] -- Detecting C compile features
[1.464s] -- Detecting C compile features - done
[1.466s] -- Check for working CXX compiler: /usr/bin/c++
[1.647s] -- Check for working CXX compiler: /usr/bin/c++ -- works
[1.648s] -- Detecting CXX compiler ABI info
[1.806s] -- Detecting CXX compiler ABI info - done
[1.812s] -- Detecting CXX compile features
[1.812s] -- Detecting CXX compile features - done
[1.814s] -- Found ament_cmake: 0.9.12 (/opt/ros/foxy/share/ament_cmake/cmake)
[1.828s] -- Found PythonInterp: /usr/bin/python3 (found suitable version "3.8.10", minimum required is "3") 
[1.828s] -- Using PYTHON_EXECUTABLE: /usr/bin/python3
[1.916s] -- Override CMake install command with custom implementation using symlinks instead of copying resources
[1.951s] -- Found rclcpp: 2.4.3 (/opt/ros/foxy/share/rclcpp/cmake)
[2.200s] -- Using all available rosidl_typesupport_c: rosidl_typesupport_fastrtps_c;rosidl_typesupport_introspection_c
[2.211s] -- Found rosidl_adapter: 1.3.1 (/opt/ros/foxy/share/rosidl_adapter/cmake)
[2.938s] -- Found OpenSSL: /usr/lib/x86_64-linux-gnu/libcrypto.so (found version "1.1.1f")  
[3.879s] -- Found FastRTPS: /opt/ros/foxy/include  
[6.090s] -- Using all available rosidl_typesupport_cpp: rosidl_typesupport_fastrtps_cpp;rosidl_typesupport_introspection_cpp
[6.161s] -- Found rmw_implementation_cmake: 1.0.4 (/opt/ros/foxy/share/rmw_implementation_cmake/cmake)
[6.164s] -- Using RMW implementation 'rmw_fastrtps_cpp' as default
[6.166s] -- Looking for pthread.h
[6.356s] -- Looking for pthread.h - found
[6.357s] -- Performing Test CMAKE_HAVE_LIBC_PTHREAD
[6.536s] -- Performing Test CMAKE_HAVE_LIBC_PTHREAD - Failed
[6.536s] -- Looking for pthread_create in pthreads
[6.734s] -- Looking for pthread_create in pthreads - not found
[6.734s] -- Looking for pthread_create in pthread
[6.922s] -- Looking for pthread_create in pthread - found
[6.922s] -- Found Threads: TRUE  
[7.049s] -- Found nav_msgs: 2.0.5 (/opt/ros/foxy/share/nav_msgs/cmake)
[7.121s] -- Found tf2_ros: 0.13.14 (/opt/ros/foxy/share/tf2_ros/cmake)
[7.389s] -- Found ament_lint_auto: 0.9.8 (/opt/ros/foxy/share/ament_lint_auto/cmake)
[7.429s] -- Added test 'copyright' to check source files copyright and LICENSE
[7.430s] -- Added test 'lint_cmake' to check CMake code style
[7.430s] -- Added test 'xmllint' to check XML markup files
[7.432s] -- Configuring done
[7.434s] -- Generating done
[7.435s] -- Build files have been written to: /home/daniel/smart_cane/build/smart_cane_slam
[7.441s] Invoked command in '/home/daniel/smart_cane/build/smart_cane_slam' returned '0': CMAKE_PREFIX_PATH=/opt/ros/foxy /usr/bin/cmake /home/daniel/smart_cane/src/smart_cane_slam -DAMENT_CMAKE_SYMLINK_INSTALL=1 -DCMAKE_INSTALL_PREFIX=/home/daniel/smart_cane/install/smart_cane_slam
[7.443s] Invoking command in '/home/daniel/smart_cane/build/smart_cane_slam': CMAKE_PREFIX_PATH=/opt/ros/foxy /usr/bin/cmake --build /home/daniel/smart_cane/build/smart_cane_slam -- -j32 -l32
[7.468s] Invoked command in '/home/daniel/smart_cane/build/smart_cane_slam' returned '0': CMAKE_PREFIX_PATH=/opt/ros/foxy /usr/bin/cmake --build /home/daniel/smart_cane/build/smart_cane_slam -- -j32 -l32
[7.470s] Invoking command in '/home/daniel/smart_cane/build/smart_cane_slam': CMAKE_PREFIX_PATH=/opt/ros/foxy /usr/bin/cmake --install /home/daniel/smart_cane/build/smart_cane_slam
[7.475s] -- Install configuration: ""
[7.475s] -- Execute custom install script
[7.476s] -- Symlinking: /home/daniel/smart_cane/install/smart_cane_slam/share/ament_index/resource_index/package_run_dependencies/smart_cane_slam
[7.482s] -- Symlinking: /home/daniel/smart_cane/install/smart_cane_slam/share/ament_index/resource_index/parent_prefix_path/smart_cane_slam
[7.487s] -- Symlinking: /home/daniel/smart_cane/install/smart_cane_slam/share/smart_cane_slam/environment/ament_prefix_path.sh
[7.493s] -- Symlinking: /home/daniel/smart_cane/install/smart_cane_slam/share/smart_cane_slam/environment/ament_prefix_path.dsv
[7.499s] -- Symlinking: /home/daniel/smart_cane/install/smart_cane_slam/share/smart_cane_slam/environment/path.sh
[7.504s] -- Symlinking: /home/daniel/smart_cane/install/smart_cane_slam/share/smart_cane_slam/environment/path.dsv
[7.510s] -- Symlinking: /home/daniel/smart_cane/install/smart_cane_slam/share/smart_cane_slam/local_setup.bash
[7.515s] -- Symlinking: /home/daniel/smart_cane/install/smart_cane_slam/share/smart_cane_slam/local_setup.sh
[7.522s] -- Symlinking: /home/daniel/smart_cane/install/smart_cane_slam/share/smart_cane_slam/local_setup.zsh
[7.529s] -- Symlinking: /home/daniel/smart_cane/install/smart_cane_slam/share/smart_cane_slam/local_setup.dsv
[7.534s] -- Symlinking: /home/daniel/smart_cane/install/smart_cane_slam/share/smart_cane_slam/package.dsv
[7.540s] -- Symlinking: /home/daniel/smart_cane/install/smart_cane_slam/share/ament_index/resource_index/packages/smart_cane_slam
[7.546s] -- Symlinking: /home/daniel/smart_cane/install/smart_cane_slam/share/smart_cane_slam/cmake/smart_cane_slamConfig.cmake
[7.552s] -- Symlinking: /home/daniel/smart_cane/install/smart_cane_slam/share/smart_cane_slam/cmake/smart_cane_slamConfig-version.cmake
[7.558s] -- Symlinking: /home/daniel/smart_cane/install/smart_cane_slam/share/smart_cane_slam/package.xml
[7.565s] Invoked command in '/home/daniel/smart_cane/build/smart_cane_slam' returned '0': CMAKE_PREFIX_PATH=/opt/ros/foxy /usr/bin/cmake --install /home/daniel/smart_cane/build/smart_cane_slam
